INFO-FLOW: Workspace D:/FPGA_HLS/Basic_Input_Output/basicInputOutput/sol opened at Sun Feb 26 09:27:08 +0300 2023
Execute     ap_set_clock -name default -period 10 -default=false 
INFO: [SYN 201-201] Setting up clock 'default' with a period of 10ns.
Execute     set_part xc7z020-clg400-1 
Execute       create_platform xc7z020-clg400-1 -board  
DBG:HLSDevice: Trying to load device library: D:/Vitis_HLS/2022.2\lib\win64.o\xv_hlsvwrap.dll
DBG:HLSDevice: first parts/arch.xml in RDI_DATADIR: D:/Vivado/2022.2/data/parts/arch.xml
DBG:HLSDevice: init success
INFO: [HLS 200-1611] Setting target device to 'xc7z020-clg400-1'
Command       create_platform done; 1.435 sec.
Execute       source D:/Vitis_HLS/2022.2/common/technology/xilinx/common/xilinx.gen 
Execute         source D:/Vitis_HLS/2022.2/common/technology/xilinx/interface/plb46.gen 
Execute         source D:/Vitis_HLS/2022.2/common/technology/xilinx/interface/axi4.gen 
Execute         source D:/Vitis_HLS/2022.2/common/technology/xilinx/interface/nativeAXI4.gen 
Execute           source D:/Vitis_HLS/2022.2/common/technology/xilinx/interface/saxilite.gen 
Execute         source D:/Vitis_HLS/2022.2/common/technology/xilinx/scripts/xilinxcoregen.gen 
Execute         source D:/Vitis_HLS/2022.2/common/technology/xilinx/interface/XilEDKCoreGen.gen 
Execute         source D:/Vitis_HLS/2022.2/common/technology/xilinx/ip/dds_compiler.gen 
Execute         source D:/Vitis_HLS/2022.2/common/technology/xilinx/ip/util.gen 
Execute         source D:/Vitis_HLS/2022.2/common/technology/xilinx/ip/xfft.gen 
Command         ap_source done; 0.151 sec.
Execute         source D:/Vitis_HLS/2022.2/common/technology/xilinx/ip/xfir.gen 
Execute         source D:/Vitis_HLS/2022.2/common/technology/xilinx/DSP48/dsp48.gen 
Command       ap_source done; 0.208 sec.
Execute       ap_part_info -name xc7z020-clg400-1 -data info 
Execute       config_compile -quiet -complex-mul-dsp=0 
Command     set_part done; 1.684 sec.
Execute     send_msg_by_id INFO @200-1505@%s%s  vivado 
INFO: [HLS 200-1505] Using flow_target 'vivado'
Command   open_solution done; 1.869 sec.
Execute   set_part xc7z020clg400-1 
INFO: [HLS 200-1510] Running: set_part xc7z020clg400-1 
Execute     create_platform xc7z020clg400-1 -board  
Execute     source D:/Vitis_HLS/2022.2/common/technology/xilinx/common/xilinx.gen 
Execute       source D:/Vitis_HLS/2022.2/common/technology/xilinx/interface/plb46.gen 
Execute       source D:/Vitis_HLS/2022.2/common/technology/xilinx/interface/axi4.gen 
Execute       source D:/Vitis_HLS/2022.2/common/technology/xilinx/interface/nativeAXI4.gen 
Execute         source D:/Vitis_HLS/2022.2/common/technology/xilinx/interface/saxilite.gen 
Execute       source D:/Vitis_HLS/2022.2/common/technology/xilinx/scripts/xilinxcoregen.gen 
Execute       source D:/Vitis_HLS/2022.2/common/technology/xilinx/interface/XilEDKCoreGen.gen 
Execute       source D:/Vitis_HLS/2022.2/common/technology/xilinx/ip/dds_compiler.gen 
Execute       source D:/Vitis_HLS/2022.2/common/technology/xilinx/ip/util.gen 
Execute       source D:/Vitis_HLS/2022.2/common/technology/xilinx/ip/xfft.gen 
Command       ap_source done; 0.126 sec.
Execute       source D:/Vitis_HLS/2022.2/common/technology/xilinx/ip/xfir.gen 
Execute       source D:/Vitis_HLS/2022.2/common/technology/xilinx/DSP48/dsp48.gen 
Command     ap_source done; 0.172 sec.
Execute     ap_part_info -name xc7z020-clg400-1 -data info 
Execute     config_compile -quiet -complex-mul-dsp=0 
Command   set_part done; 0.233 sec.
Execute   create_clock -period 10 -name default 
INFO: [HLS 200-1510] Running: create_clock -period 10 -name default 
Execute   csynth_design 
INFO: [HLS 200-1510] Running: csynth_design 
Execute     elaborate -effort=medium -skip_syncheck=0 -keep_printf=0 -skip_cdt=0 -skip_transform=0 -ng=0 -g=0 -opt_fp=0 -from_csynth_design=1 
INFO: [HLS 200-111] Finished File checks and directory preparation: CPU user time: 0 seconds. CPU system time: 0 seconds. Elapsed time: 10.132 seconds; current allocated memory: 109.945 MB.
INFO: [HLS 200-10] Analyzing design file 'basicInputOutput/basicInputOutput.cpp' ... 
INFO-FLOW: Compiling one TU...
INFO-FLOW: Handling basicInputOutput/basicInputOutput.cpp as C++
Execute       ap_part_info -name xc7z020-clg400-1 -data info 
INFO-FLOW: Running: GCC PP 39
INFO-FLOW: Source preprocessing
Execute       ap_eval exec -ignorestderr D:/Vitis_HLS/2022.2/win64/tools/clang-3.9-csynth/bin/clang basicInputOutput/basicInputOutput.cpp -foptimization-record-file=D:/FPGA_HLS/Basic_Input_Output/basicInputOutput/sol/.autopilot/db/basicInputOutput.cpp.clang.diag.yml -mllvm -pass-remarks-missed=reflow|pasta|unroll -mllvm -pass-remarks=reflow|pasta|unroll|inline -fno-limit-debug-info --sysroot D:/Vitis_HLS/2022.2/tps/mingw/8.3.0/win64.o/nt -fhls -fno-exceptions -E -fno-math-errno -c -emit-llvm -mllvm -disable-llvm-optzns -Werror=implicit-function-declaration -Werror=implicit-hls-streams -Werror=return-type -Wpragmas -Wunused-parameter -Wdump-hls-pragmas -Wno-error=dump-hls-pragmas -fno-threadsafe-statics -fno-use-cxa-atexit -std=gnu++14 -target fpga64-xilinx-mingw32 -fno-threadsafe-statics -fno-use-cxa-atexit -D__VITIS_HLS__ -DAESL_SYN -D__SYNTHESIS__ -D__HLS_SYN__ -I D:/Vitis_HLS/2022.2/common/technology/autopilot -I D:/Vitis_HLS/2022.2/common/technology/autopilot/ap_sysc -include etc/autopilot_ssdm_op.h -D__DSP48E1__ -I /usr/include/x86_64-linux-gnu -o D:/FPGA_HLS/Basic_Input_Output/basicInputOutput/sol/.autopilot/db/basicInputOutput.pp.0.cpp {-hls-platform-db-name=D:/Vitis_HLS/2022.2/common/technology\xilinx/common/platform.db} -hls-platform-name=zynq_slow -device-resource-info=BRAM_280.000000_DSP_220.000000_FF_106400.000000_LUT_53200.000000_SLICE_13300.000000_URAM_0.000000 -device-name-info=xc7z020clg400-1 > D:/FPGA_HLS/Basic_Input_Output/basicInputOutput/sol/.autopilot/db/basicInputOutput.cpp.clang.out.log 2> D:/FPGA_HLS/Basic_Input_Output/basicInputOutput/sol/.autopilot/db/basicInputOutput.cpp.clang.err.log 
Command       ap_eval done; 0.271 sec.
INFO-FLOW: Done: GCC PP 39 time: 0.3 seconds per iteration
Execute       set_directive_top basicInputOutput -name=basicInputOutput 
Execute       source D:/Vitis_HLS/2022.2/tps/tcl/tcllib1.11.1/yaml/huddle.tcl 
Execute       source D:/Vitis_HLS/2022.2/tps/tcl/tcllib1.11.1/yaml/json2huddle.tcl 
INFO-FLOW: Source syntax check for synthesis
Execute       ap_eval exec -ignorestderr D:/Vitis_HLS/2022.2/win64/tools/clang-3.9-csynth/bin/clang -foptimization-record-file=D:/FPGA_HLS/Basic_Input_Output/basicInputOutput/sol/.autopilot/db/clang.diag.yml -mllvm -pass-remarks-missed=reflow|pasta|unroll -mllvm -pass-remarks=reflow|pasta|unroll|inline -fsyntax-only -fhls -target fpga64-xilinx-linux-gnu D:/FPGA_HLS/Basic_Input_Output/basicInputOutput/sol/.autopilot/db/basicInputOutput.pp.0.cpp {-hls-platform-db-name=D:/Vitis_HLS/2022.2/common/technology\xilinx/common/platform.db} -hls-platform-name=zynq_slow -device-resource-info=BRAM_280.000000_DSP_220.000000_FF_106400.000000_LUT_53200.000000_SLICE_13300.000000_URAM_0.000000 -device-name-info=xc7z020clg400-1 > D:/FPGA_HLS/Basic_Input_Output/basicInputOutput/sol/.autopilot/db/clang.out.log 2> D:/FPGA_HLS/Basic_Input_Output/basicInputOutput/sol/.autopilot/db/clang.err.log 
Command       ap_eval done; 0.673 sec.
Execute       clang_tidy xilinx-systemc-detector -desc systemc-detector D:/FPGA_HLS/Basic_Input_Output/basicInputOutput/sol/.autopilot/db/basicInputOutput.pp.0.cpp std=gnu++14 -target fpga  -directive=D:/FPGA_HLS/Basic_Input_Output/basicInputOutput/sol/.autopilot/db/.systemc_flag 
INFO-FLOW: exec D:/Vitis_HLS/2022.2/win64/tools/clang-3.9-csynth/bin/clang-tidy -header-filter=.* --checks=-*,xilinx-systemc-detector -import-directive=D:/FPGA_HLS/Basic_Input_Output/basicInputOutput/sol/.autopilot/db/.systemc_flag -fix-errors D:/FPGA_HLS/Basic_Input_Output/basicInputOutput/sol/.autopilot/db/basicInputOutput.pp.0.cpp -- -std=gnu++14 -target fpga -fhls -ferror-limit=0
Command       clang_tidy done; 0.711 sec.
INFO-FLOW: Running: clang-tidy CDT preprocess 39
Execute       clang_tidy xilinx-directive2pragma -desc directive2pragma D:/FPGA_HLS/Basic_Input_Output/basicInputOutput/sol/.autopilot/db/basicInputOutput.pp.0.cpp std=gnu++14 -target fpga  -directive=D:/FPGA_HLS/Basic_Input_Output/basicInputOutput/sol/.autopilot/db/all.directive.json 
INFO-FLOW: exec D:/Vitis_HLS/2022.2/win64/tools/clang-3.9-csynth/bin/clang-tidy -header-filter=.* --checks=-*,xilinx-directive2pragma -import-directive=D:/FPGA_HLS/Basic_Input_Output/basicInputOutput/sol/.autopilot/db/all.directive.json -fix-errors D:/FPGA_HLS/Basic_Input_Output/basicInputOutput/sol/.autopilot/db/basicInputOutput.pp.0.cpp -- -std=gnu++14 -target fpga -fhls -ferror-limit=0
Command       clang_tidy done; 0.68 sec.
Execute       clang_tidy xilinx-remove-assert -desc remove-assert D:/FPGA_HLS/Basic_Input_Output/basicInputOutput/sol/.autopilot/db/basicInputOutput.pp.0.cpp std=gnu++14 -target fpga  
INFO-FLOW: exec D:/Vitis_HLS/2022.2/win64/tools/clang-3.9-csynth/bin/clang-tidy -header-filter=.* --checks=-*,xilinx-remove-assert -fix-errors D:/FPGA_HLS/Basic_Input_Output/basicInputOutput/sol/.autopilot/db/basicInputOutput.pp.0.cpp -- -std=gnu++14 -target fpga -fhls -ferror-limit=0
Command       clang_tidy done; 0.42 sec.
INFO-FLOW: Done: clang-tidy CDT preprocess 39 time: 1.1 seconds per iteration
INFO-FLOW: Calling xilinx-label-all-loops ... 
INFO-FLOW: Calling xilinx-aggregate-on-hls-vector ... 
Execute       clang_tidy -errorcheck -desc loop-label xilinx-label-all-loops,xilinx-aggregate-on-hls-vector,,xilinx-warn-mayneed-no-ctor-attribute D:/FPGA_HLS/Basic_Input_Output/basicInputOutput/sol/.autopilot/db/basicInputOutput.pp.0.cpp std=gnu++14 -target fpga  
Execute         ap_eval exec -ignorestderr D:/Vitis_HLS/2022.2/win64/tools/clang-3.9-csynth/bin/clang-tidy -export-fixes=D:/FPGA_HLS/Basic_Input_Output/basicInputOutput/sol/.autopilot/db/basicInputOutput.pp.0.cpp.clang-tidy.loop-label.diag.yml -header-filter=.* --checks=-*,xilinx-label-all-loops,xilinx-aggregate-on-hls-vector,,xilinx-warn-mayneed-no-ctor-attribute -fix-errors D:/FPGA_HLS/Basic_Input_Output/basicInputOutput/sol/.autopilot/db/basicInputOutput.pp.0.cpp -- -std=gnu++14 -target fpga -fhls -ferror-limit=0 > D:/FPGA_HLS/Basic_Input_Output/basicInputOutput/sol/.autopilot/db/basicInputOutput.pp.0.cpp.clang-tidy.loop-label.out.log 2> D:/FPGA_HLS/Basic_Input_Output/basicInputOutput/sol/.autopilot/db/basicInputOutput.pp.0.cpp.clang-tidy.loop-label.err.log 
Command         ap_eval done; 0.802 sec.
Execute         source D:/Vitis_HLS/2022.2/tps/tcl/tcllib1.11.1/yaml/yaml.tcl 
Command       clang_tidy done; 0.862 sec.
Execute       ap_eval exec -ignorestderr D:/Vitis_HLS/2022.2/win64/tools/clang-3.9-csynth/bin/xilinx-dataflow-lawyer -export-fixes=D:/FPGA_HLS/Basic_Input_Output/basicInputOutput/sol/.autopilot/db/basicInputOutput.pp.0.cpp.xilinx-dataflow-lawyer.diag.yml D:/FPGA_HLS/Basic_Input_Output/basicInputOutput/sol/.autopilot/db/basicInputOutput.pp.0.cpp -- -std=gnu++14 -target fpga -fhls -ferror-limit=0 -fstrict-dataflow > D:/FPGA_HLS/Basic_Input_Output/basicInputOutput/sol/.autopilot/db/basicInputOutput.pp.0.cpp.xilinx-dataflow-lawyer.out.log 2> D:/FPGA_HLS/Basic_Input_Output/basicInputOutput/sol/.autopilot/db/basicInputOutput.pp.0.cpp.xilinx-dataflow-lawyer.err.log 
Command       ap_eval done; 0.624 sec.
Execute       ap_part_info -name xc7z020-clg400-1 -data info 
INFO-FLOW: compiling source code to llvm bc
Execute       ap_eval exec -ignorestderr D:/Vitis_HLS/2022.2/win64/tools/clang-3.9-csynth/bin/clang -foptimization-record-file=D:/FPGA_HLS/Basic_Input_Output/basicInputOutput/sol/.autopilot/db/basicInputOutput.pp.0.cpp.clang.diag.yml -mllvm -pass-remarks-missed=reflow|pasta|unroll -mllvm -pass-remarks=reflow|pasta|unroll|inline -fno-limit-debug-info -fhls -flto -fno-exceptions -Wno-error=c++11-narrowing D:/FPGA_HLS/Basic_Input_Output/basicInputOutput/sol/.autopilot/db/basicInputOutput.pp.0.cpp -fno-math-errno -c -emit-llvm -mllvm -disable-llvm-optzns -Werror=implicit-function-declaration -Werror=implicit-hls-streams -Werror=return-type -Wpragmas -Wunused-parameter -Wdump-hls-pragmas -Wno-error=dump-hls-pragmas -fno-threadsafe-statics -fno-use-cxa-atexit -std=gnu++14 -target fpga64-xilinx-linux-gnu -D__VITIS_HLS__ -DAESL_SYN -D__SYNTHESIS__ -D__HLS_SYN__ -I D:/Vitis_HLS/2022.2/common/technology/autopilot -I D:/Vitis_HLS/2022.2/common/technology/autopilot/ap_sysc -include etc/autopilot_ssdm_op.h -D__DSP48E1__ -g -o D:/FPGA_HLS/Basic_Input_Output/basicInputOutput/sol/.autopilot/db/basicInputOutput.bc {-hls-platform-db-name=D:/Vitis_HLS/2022.2/common/technology\xilinx/common/platform.db} -hls-platform-name=zynq_slow -device-resource-info=BRAM_280.000000_DSP_220.000000_FF_106400.000000_LUT_53200.000000_SLICE_13300.000000_URAM_0.000000 -device-name-info=xc7z020clg400-1 > D:/FPGA_HLS/Basic_Input_Output/basicInputOutput/sol/.autopilot/db/basicInputOutput.pp.0.cpp.clang.out.log 2> D:/FPGA_HLS/Basic_Input_Output/basicInputOutput/sol/.autopilot/db/basicInputOutput.pp.0.cpp.clang.err.log 
Command       ap_eval done; 0.789 sec.
INFO: [HLS 200-111] Finished Source Code Analysis and Preprocessing: CPU user time: 0 seconds. CPU system time: 0 seconds. Elapsed time: 5.148 seconds; current allocated memory: 111.148 MB.
INFO-FLOW: Linking Debug ...
INFO-FLOW: Linking dut bc code.
Execute       run_link_or_opt -out D:/FPGA_HLS/Basic_Input_Output/basicInputOutput/sol/.autopilot/db/a.g.ld.0.bc -args  "D:/FPGA_HLS/Basic_Input_Output/basicInputOutput/sol/.autopilot/db/basicInputOutput.g.bc"  
Execute         ap_eval exec -ignorestderr D:/Vitis_HLS/2022.2/win64/tools/clang-3.9-csynth/bin/llvm-link D:/FPGA_HLS/Basic_Input_Output/basicInputOutput/sol/.autopilot/db/basicInputOutput.g.bc -o D:/FPGA_HLS/Basic_Input_Output/basicInputOutput/sol/.autopilot/db/a.g.ld.0.bc > D:/FPGA_HLS/Basic_Input_Output/basicInputOutput/sol/.autopilot/db/a.g.ld.0.bc.llvm-link.out.log 2> D:/FPGA_HLS/Basic_Input_Output/basicInputOutput/sol/.autopilot/db/a.g.ld.0.bc.llvm-link.err.log 
Command         ap_eval done; 0.113 sec.
INFO-FLOW: 
Command       run_link_or_opt done; 0.117 sec.
Execute       run_link_or_opt -opt -out D:/FPGA_HLS/Basic_Input_Output/basicInputOutput/sol/.autopilot/db/a.g.ld.1.lower.bc -args D:/FPGA_HLS/Basic_Input_Output/basicInputOutput/sol/.autopilot/db/a.g.ld.0.bc -reflow-lower-math-intrinsics 
Execute         ap_eval exec -ignorestderr D:/Vitis_HLS/2022.2/win64/tools/clang-3.9-csynth/bin/opt -pass-remarks-missed=reflow|pasta|unroll -pass-remarks=reflow|pasta|unroll|inline -pass-remarks-output=D:/FPGA_HLS/Basic_Input_Output/basicInputOutput/sol/.autopilot/db/a.g.ld.1.lower.bc.opt.diag.yml D:/FPGA_HLS/Basic_Input_Output/basicInputOutput/sol/.autopilot/db/a.g.ld.0.bc -reflow-lower-math-intrinsics -o D:/FPGA_HLS/Basic_Input_Output/basicInputOutput/sol/.autopilot/db/a.g.ld.1.lower.bc > D:/FPGA_HLS/Basic_Input_Output/basicInputOutput/sol/.autopilot/db/a.g.ld.1.lower.bc.opt.out.log 2> D:/FPGA_HLS/Basic_Input_Output/basicInputOutput/sol/.autopilot/db/a.g.ld.1.lower.bc.opt.err.log 
Command         ap_eval done; 0.201 sec.
INFO-FLOW: 
Command       run_link_or_opt done; 0.205 sec.
INFO-FLOW: Linking math bc lib
Execute       run_link_or_opt -out D:/FPGA_HLS/Basic_Input_Output/basicInputOutput/sol/.autopilot/db/a.g.ld.2.m1.bc -args D:/FPGA_HLS/Basic_Input_Output/basicInputOutput/sol/.autopilot/db/a.g.ld.1.lower.bc -only-needed D:/Vitis_HLS/2022.2/win64/lib/libhlsm_39.bc D:/Vitis_HLS/2022.2/win64/lib/libhlsmc++_39.bc 
Execute         ap_eval exec -ignorestderr D:/Vitis_HLS/2022.2/win64/tools/clang-3.9-csynth/bin/llvm-link D:/FPGA_HLS/Basic_Input_Output/basicInputOutput/sol/.autopilot/db/a.g.ld.1.lower.bc -only-needed D:/Vitis_HLS/2022.2/win64/lib/libhlsm_39.bc D:/Vitis_HLS/2022.2/win64/lib/libhlsmc++_39.bc -o D:/FPGA_HLS/Basic_Input_Output/basicInputOutput/sol/.autopilot/db/a.g.ld.2.m1.bc > D:/FPGA_HLS/Basic_Input_Output/basicInputOutput/sol/.autopilot/db/a.g.ld.2.m1.bc.llvm-link.out.log 2> D:/FPGA_HLS/Basic_Input_Output/basicInputOutput/sol/.autopilot/db/a.g.ld.2.m1.bc.llvm-link.err.log 
Command         ap_eval done; 2.875 sec.
INFO-FLOW: 
Command       run_link_or_opt done; 2.877 sec.
Execute       run_link_or_opt -opt -out D:/FPGA_HLS/Basic_Input_Output/basicInputOutput/sol/.autopilot/db/a.g.ld.3.fpc.bc -args D:/FPGA_HLS/Basic_Input_Output/basicInputOutput/sol/.autopilot/db/a.g.ld.2.m1.bc -reflow-globaldce -hls-top-function-name=basicInputOutput -reflow-float-conversion 
Execute         ap_eval exec -ignorestderr D:/Vitis_HLS/2022.2/win64/tools/clang-3.9-csynth/bin/opt -pass-remarks-missed=reflow|pasta|unroll -pass-remarks=reflow|pasta|unroll|inline -pass-remarks-output=D:/FPGA_HLS/Basic_Input_Output/basicInputOutput/sol/.autopilot/db/a.g.ld.3.fpc.bc.opt.diag.yml D:/FPGA_HLS/Basic_Input_Output/basicInputOutput/sol/.autopilot/db/a.g.ld.2.m1.bc -reflow-globaldce -hls-top-function-name=basicInputOutput -reflow-float-conversion -o D:/FPGA_HLS/Basic_Input_Output/basicInputOutput/sol/.autopilot/db/a.g.ld.3.fpc.bc > D:/FPGA_HLS/Basic_Input_Output/basicInputOutput/sol/.autopilot/db/a.g.ld.3.fpc.bc.opt.out.log 2> D:/FPGA_HLS/Basic_Input_Output/basicInputOutput/sol/.autopilot/db/a.g.ld.3.fpc.bc.opt.err.log 
Command         ap_eval done; 0.955 sec.
INFO-FLOW: 
Command       run_link_or_opt done; 0.957 sec.
Execute       run_link_or_opt -out D:/FPGA_HLS/Basic_Input_Output/basicInputOutput/sol/.autopilot/db/a.g.ld.4.m2.bc -args D:/FPGA_HLS/Basic_Input_Output/basicInputOutput/sol/.autopilot/db/a.g.ld.3.fpc.bc -only-needed D:/Vitis_HLS/2022.2/win64/lib/libfloatconversion_39.bc 
Execute         ap_eval exec -ignorestderr D:/Vitis_HLS/2022.2/win64/tools/clang-3.9-csynth/bin/llvm-link D:/FPGA_HLS/Basic_Input_Output/basicInputOutput/sol/.autopilot/db/a.g.ld.3.fpc.bc -only-needed D:/Vitis_HLS/2022.2/win64/lib/libfloatconversion_39.bc -o D:/FPGA_HLS/Basic_Input_Output/basicInputOutput/sol/.autopilot/db/a.g.ld.4.m2.bc > D:/FPGA_HLS/Basic_Input_Output/basicInputOutput/sol/.autopilot/db/a.g.ld.4.m2.bc.llvm-link.out.log 2> D:/FPGA_HLS/Basic_Input_Output/basicInputOutput/sol/.autopilot/db/a.g.ld.4.m2.bc.llvm-link.err.log 
Command         ap_eval done; 0.15 sec.
INFO-FLOW: 
Command       run_link_or_opt done; 0.152 sec.
Execute       run_link_or_opt -opt -out D:/FPGA_HLS/Basic_Input_Output/basicInputOutput/sol/.autopilot/db/a.g.ld.5.gdce.bc -args D:/FPGA_HLS/Basic_Input_Output/basicInputOutput/sol/.autopilot/db/a.g.ld.4.m2.bc -reflow-globaldce -hls-top-function-name=basicInputOutput 
Execute         ap_eval exec -ignorestderr D:/Vitis_HLS/2022.2/win64/tools/clang-3.9-csynth/bin/opt -pass-remarks-missed=reflow|pasta|unroll -pass-remarks=reflow|pasta|unroll|inline -pass-remarks-output=D:/FPGA_HLS/Basic_Input_Output/basicInputOutput/sol/.autopilot/db/a.g.ld.5.gdce.bc.opt.diag.yml D:/FPGA_HLS/Basic_Input_Output/basicInputOutput/sol/.autopilot/db/a.g.ld.4.m2.bc -reflow-globaldce -hls-top-function-name=basicInputOutput -o D:/FPGA_HLS/Basic_Input_Output/basicInputOutput/sol/.autopilot/db/a.g.ld.5.gdce.bc > D:/FPGA_HLS/Basic_Input_Output/basicInputOutput/sol/.autopilot/db/a.g.ld.5.gdce.bc.opt.out.log 2> D:/FPGA_HLS/Basic_Input_Output/basicInputOutput/sol/.autopilot/db/a.g.ld.5.gdce.bc.opt.err.log 
INFO-FLOW: 
Execute       send_msg_by_id INFO @200-777@%s Vivado 
INFO: [HLS 200-777] Using interface defaults for 'Vivado' flow target.
Execute       is_m_axi_addr64 
INFO-FLOW: Doing LTO.
Execute       ap_eval exec -ignorestderr D:/Vitis_HLS/2022.2/win64/tools/clang-3.9-csynth/bin/clang -foptimization-record-file=D:/FPGA_HLS/Basic_Input_Output/basicInputOutput/sol/.autopilot/db/a.g.ld.0.bc.clang.diag.yml -mllvm -pass-remarks-missed=reflow|pasta|unroll -mllvm -pass-remarks=reflow|pasta|unroll|inline -fhls -mllvm -hls-top-function-name=basicInputOutput -mllvm -hls-db-dir -mllvm D:/FPGA_HLS/Basic_Input_Output/basicInputOutput/sol/.autopilot/db -emit-llvm -c -target fpga64-xilinx-none -mllvm -xcl-xmlinfo=D:/FPGA_HLS/Basic_Input_Output/basicInputOutput/sol/.autopilot/db/kernel.internal.xml -mllvm -top-io-mapping-info=D:/FPGA_HLS/Basic_Input_Output/basicInputOutput/sol/.autopilot/db/top-io-fe.xml -mllvm -hls-bitcode-version=3.1 -mllvm -reflow-enable-slave-interface-default-setting=true -mllvm -gen-kernel-xml=false -mllvm -default-maxi-offset=slave -mllvm -maxi-latency=0 -mllvm -hls-maxi-data-size-in-bits=8 -mllvm -hls-maxi-max-data-size-in-bits=1024 -mllvm -hls-max-widen-size-in-bits=0 -mllvm -xcl-kernel-max-mem-ports=0 -mllvm -maxi-read-trans=16 -mllvm -maxi-write-trans=16 -mllvm -maxi-read-burst-len=16 -mllvm -maxi-write-burst-len=16 -mllvm -reflow-enable-saxi-64bits=0 -mllvm -reflow-basic-block-instr-threshold=200000 -mllvm -reflow-auto-pipeline-threshold=64 -mllvm -reflow-enable-maxi-auto-id-channel=0 -mllvm -assume-maxi-align=1 -mllvm -reflow-pipeline-style-llvm-setting=2 -mllvm -reflow-enable-dataflow-strict-mode-checking=1 -mllvm -reflow-auto-array-partition-mode=default -mllvm -reflow-enable-auto-array-partition=true -mllvm -reflow-enable-auto-parallel-performance-driven=true -mllvm -reflow-enable-partition-for-automation=true -mllvm -reflow-aggregate-bitwidth-threshold=4096 -mllvm -reflow-assume-no-address-wrap=true -mllvm -hls -mllvm -disable-inlined-alloca-merging=true -mllvm -default-clock-period=10 -x ir D:/FPGA_HLS/Basic_Input_Output/basicInputOutput/sol/.autopilot/db/a.g.ld.5.gdce.bc -o D:/FPGA_HLS/Basic_Input_Output/basicInputOutput/sol/.autopilot/db/a.g.lto.bc {-hls-platform-db-name=D:/Vitis_HLS/2022.2/common/technology\xilinx/common/platform.db} -hls-platform-name=zynq_slow -device-resource-info=BRAM_280.000000_DSP_220.000000_FF_106400.000000_LUT_53200.000000_SLICE_13300.000000_URAM_0.000000 -device-name-info=xc7z020clg400-1 > D:/FPGA_HLS/Basic_Input_Output/basicInputOutput/sol/.autopilot/db/a.g.ld.0.bc.clang.out.log 2> D:/FPGA_HLS/Basic_Input_Output/basicInputOutput/sol/.autopilot/db/a.g.ld.0.bc.clang.err.log 
Command       ap_eval done; 0.399 sec.
INFO-FLOW: DBG:PUTS: copy_raw_kernel_xml ap_link_39: kernel.xml not generated: D:/FPGA_HLS/Basic_Input_Output/basicInputOutput/sol/.autopilot/db/kernel.internal.xml
INFO: [HLS 200-111] Finished Compiling Optimization and Transform: CPU user time: 0 seconds. CPU system time: 0 seconds. Elapsed time: 4.794 seconds; current allocated memory: 111.824 MB.
INFO: [HLS 200-111] Finished Checking Pragmas: CPU user time: 0 seconds. CPU system time: 0 seconds. Elapsed time: 0.001 seconds; current allocated memory: 111.855 MB.
Execute       opt_and_import_c a -opt_level=2 -skip_syncheck=0 -ng=0 -keep_printf=0 
Execute         cleanup_all_models 
INFO: [HLS 200-10] Starting code transformations ...
INFO-FLOW: Running Standard Transforms...
Execute         transform -hls -share-std-xform -demangle-name -inline-byval-memcpy -always-inline -promote-dbg-pointer -interface-preproc -mem2reg -scalarrepl -mem2reg -keep-read-access -instcombine -dce -promote-dbg-pointer -bitop-raise -loop-simplify -indvarspre -indvars -loop-simplify -xunroll -constprop -instcombine -simplifycfg -indvars -simplifycfg -dce -globaldce -basicaa -simplifycfg -mem2reg -globalopt -global-constprop -deadargelim -instcombine -simplifycfg -scalarrepl -instcombine -reassociate -licm -simplifycfg -loop-simplify -indvars -instcombine -simplifycfg -mem2reg -loop-simplify -indvars -instcombine -gvn -gvn -instcombine -adce -break-crit-edges -simplifycfg -loop-delete -global-array-opt -dce -dse -adce -find-syn-modules -top basicInputOutput -deadargelim -mem2reg -instcombine -dce -presyn-prepare -auto-rom-infer -interface-preproc -syn-check -check-rec-only -find-region -simplifycfg -func-extr -function-inline -globaldce -mem2reg -instcombine -dce -gvn -globaldce -adce -adse -constprop -instcombine -bit-constprop -instcombine -dce -simplifycfg -bitop-raise -simplifycfg -dce -loop-delete -reassociate -globalopt -global-privatize -mem2reg -dce -global-constprop -pointer-simplify -constprop -dce -auto-shift-reg-idiom -promote-dbg-pointer -norm-name D:/FPGA_HLS/Basic_Input_Output/basicInputOutput/sol/.autopilot/db/a.g.0.bc -o D:/FPGA_HLS/Basic_Input_Output/basicInputOutput/sol/.autopilot/db/a.g.1.bc -f -phase std-opt 
Command         transform done; 0.157 sec.
INFO: [HLS 200-111] Finished Standard Transforms: CPU user time: 0 seconds. CPU system time: 0 seconds. Elapsed time: 0.182 seconds; current allocated memory: 120.305 MB.
INFO: [HLS 200-10] Checking synthesizability ...
INFO-FLOW: Checking Synthesizability 1/2..
Execute         transform -hls -syn-check -check-rec-only -scalarrepl -norm-name -dce -mem2reg -instcombine -directive-preproc -mem2reg -dse -dce -auto-rom-infer -dce -pag -array-normalize -instcombine -dce -array-seg-normalize -instcombine -dce -data-pack -instcombine -dce -inst-simplify -array-flatten -instcombine -dce -array-burst -dce -deadargelim -promote-global-argument -simplifycfg -mem2reg -globaldce -dce -deadargelim -dce -instcombine -function-inline -globaldce -dce -doublePtrSimplify -doublePtrElim -dce -doublePtrSimplify -promote-dbg-pointer -dce -scalarrepl -dse -adse -instcombine -ptrLegalization -simplifycfg -dce -instcombine -pointer-simplify -ptrArgReplace -dce -instcombine -resolve-double-ptr -scalarrepl -norm-name -dce -mem2reg -instcombine -ptrLegalization -simplifycfg -deadargelim -instcombine -dce -inst-simplify -directive-preproc -mem2reg -dse -dce -globaldce D:/FPGA_HLS/Basic_Input_Output/basicInputOutput/sol/.autopilot/db/a.g.1.bc -o D:/FPGA_HLS/Basic_Input_Output/basicInputOutput/sol/.autopilot/db/a.g.2.prechk.bc -f 
INFO-FLOW: Checking Synthesizability 2/2..
Execute         transform -syn-check D:/FPGA_HLS/Basic_Input_Output/basicInputOutput/sol/.autopilot/db/a.g.2.prechk.bc -o D:/FPGA_HLS/Basic_Input_Output/basicInputOutput/sol/.autopilot/db/a.g.2.bc -f -phase syn-check 
INFO: [HLS 200-111] Finished Checking Synthesizability: CPU user time: 0 seconds. CPU system time: 0 seconds. Elapsed time: 0.058 seconds; current allocated memory: 125.809 MB.
INFO-FLOW: Compiler optimizing ...
INFO-FLOW: Share syncheck's 1.bc for syn flow: copy D:/FPGA_HLS/Basic_Input_Output/basicInputOutput/sol/.autopilot/db/a.g.1.bc to D:/FPGA_HLS/Basic_Input_Output/basicInputOutput/sol/.autopilot/db/a.o.1.bc
INFO-FLOW: Presyn 1...
Execute         transform -hls -tmp D:/FPGA_HLS/Basic_Input_Output/basicInputOutput/sol/.autopilot/db -interface-port-rename -directive-preproc -mem2reg -dse -dce -scalarrepl -norm-name -deadargelim -mem2reg -instcombine -dce -simplifycfg -auto-rom-infer -dce -resource-proc -clib-intrinsic-prepare -dce -func-buffer -dce -pag -array-normalize -func-legal -instcombine -gvn -constprop -dce -simplifycfg -mem2reg -globaldce -resolve-double-ptr -dce -deadargelim -dce -instcombine -ptrArgReplace -mem2reg -dce -array-seg-normalize -deadargelim -instcombine -dce -directive-preproc -mem2reg -dse -dce -pointer-simplify -dce -port-alignment -dce -interface-preproc -data-pack -instcombine -dce -basicaa -aggr-aa -aggrmodref-aa -aggr-aa -gvn -gvn -basicaa -aggr-aa -aggrmodref-aa -aggr-aa -dse -adse -adce -loop-simplify -indvars -instcombine -gvn -loop-simplify -mem2reg -dce -find-region -instcombine -auto-loop-pipeline -inst-simplify -interface-preproc -cfgopt -instcombine -indvars -auto-loop-unroll -loop-simplify -loop-bound -xunroll -constprop -instcombine -simplifycfg -indvars -simplifycfg -dce -globaldce -clean-region -attach-range -gvn -inst-simplify -constprop -simplifycfg -dce -pointer-simplify -dce -globalopt -constprop -dce -array-promote -scalar-auto-dep-elim -constprop -dce -ptrArgReplace -mem2reg -simplifycfg -dce -instcombine -dce -array-transform-check -array-reshape -instcombine -simplifycfg -dce -ptrArgReplace -deadargelim -mem2reg -instcombine -simplifycfg -dce -indvars -loop-simplify -loop-bound -xunroll -constprop -instcombine -simplifycfg -indvars -simplifycfg -dce -globaldce -basicaa -aggr-aa -aggrmodref-aa -aggr-aa -dse -duplicate-dataflow-processes -globaldce -instcombine -array-partition -prepare-dynamic-array-partition -instcombine -simplifycfg -dce -ptrArgReplace -global-constprop -deadargelim -mem2reg -func-legal -dce -global-constprop -deadargelim -mem2reg -simplifycfg -dce -merge-param -deadargelim -globalopt -constprop -dce -array-promote -scalar-auto-dep-elim -constprop -dce -ptrArgReplace -mem2reg -simplifycfg -dce -mem-intrinsic-preproc -dce -global-internalize -global-privatize -mem2reg -globaldce -promote-global-argument -ptrArgReplace -mem2reg -dce -globalopt -mergereturn -simplify-global-access -mem2reg -dce -pointer-simplify -dce -functionattrs -basicaa -aggr-aa -aggrmodref-aa -aggr-aa -gvn -gvn -basicaa -aggr-aa -aggrmodref-aa -aggr-aa -dse -adse -adce -dce -norm-name -basicaa -aggr-aa -aggrmodref-aa -aggr-aa -accesses-merge -function-inline -complex-op-raise -inst-simplify -globaldce -func-legal -dce -loop-bound -arraycheck -bitwidthmin2 -bitwidthmin2 -on-by-dataflow -loop-delete -instcombine -simplifycfg -globaldce -dce -gvn -deadargelim -dce -loop-simplify -clean-region -simplifycfg -propagate-stable-arguments -loop-stream -instcombine -simplifycfg -dce -globaldce -duplicate-dataflow-processes -stream-intrinsic-preproc -dce -check-ap-stream -loop-simplify -eliminate-keepreads -extract-dataflow-in-loop -loop-simplify -dce -gvn -deadargelim -dse -duplicate-dataflow-processes -check-dataflow-syntax -legalize-stream-variable -globaldce -legalize-global -extract-subproc -dce -dead-channel-elimination -canonicalize-gep -globaldce -dce -gvn -hls-dead-arg-elim -deadargelim -directive-preproc -canonicalize-dataflow -dce -globaldce -scalar-preprocessing -scalar-propagation2 -deadargelim -globaldce -mem2reg -check-dataflow-channels -function-stream -dce -globaldce -prop-fifo-spec -internal-stream-gen -canonicalize-gep -globaldce -dce -gvn -deadargelim -mergereturn -indvars -loop-simplify -instcombine -array-stream -array-seg-normalize -array-partition -func-legal -instcombine -simplifycfg -dce -bundle-memfifo-ops -deadargelim -directive-preproc -mem2reg -dse -dce -group-axi-access -licm -simplifycfg -dce -loop-delete -hls-display -norm-name D:/FPGA_HLS/Basic_Input_Output/basicInputOutput/sol/.autopilot/db/a.o.1.bc -o D:/FPGA_HLS/Basic_Input_Output/basicInputOutput/sol/.autopilot/db/a.o.1.tmp.bc -f 
INFO-FLOW: Presyn 2...
Execute         transform -hls -keep-callgraph -scalarrepl -mem2reg -port-alignment -attach-range -dce -pipe-mux-gen -indvars -loop-bound -inst-simplify -instcombine -dce -merge-array-access -mem2reg -dce -clean-region -mergereturn -if-conv -instcombine -dce -constprop -basicaa -aggr-aa -aggrmodref-aa -aggr-aa -gvn -gvn -basicaa -aggr-aa -aggrmodref-aa -aggr-aa -dse -adse -adce -scalarrepl -mem2reg -global-constprop -deadargelim -deadargelim -instcombine -dce -simplifycfg -ptrArgReplace -mem2reg -function-inline -globaldce -mem2reg -instcombine -dce -expr-balance -instcombine -dce -bitwidthmin2 -bitwidthmin2 -interface-preproc -directive-preproc -inst-rectify -instcombine -dce -functionattrs -constprop -instcombine -bit-constprop -simplify-global-access -globalopt -globaldce -inst-simplify -instcombine -elimdeaddata -dce -loop-delete -simplifycfg -loop-simplify -barrier -norm-name D:/FPGA_HLS/Basic_Input_Output/basicInputOutput/sol/.autopilot/db/a.o.1.tmp.bc -o D:/FPGA_HLS/Basic_Input_Output/basicInputOutput/sol/.autopilot/db/a.o.2.bc -f -phase presyn 
INFO: [HLS 200-111] Finished Loop, function and other optimizations: CPU user time: 0 seconds. CPU system time: 0 seconds. Elapsed time: 0.098 seconds; current allocated memory: 149.688 MB.
INFO-FLOW: Building ssdm...
Execute         transform -hls -auto-function-inline -globaldce -ptrArgReplace -mem2reg -dce -reset-lda -loop-simplify -indvars -aggr-aa -licm -loop-dep -loop-bound -licm -loop-simplify -loop-sink-hoist -flattenloopnest -array-flatten -gvn -instcombine -dce -array-map -dce -func-legal -gvn -adce -instcombine -cfgopt -simplifycfg -loop-simplify -array-burst -promote-global-argument -dce -array-seg-normalize -basicaa -aggrmodref-aa -globalsmodref-aa -aggr-aa -gvn -gvn -basicaa -aggrmodref-aa -globalsmodref-aa -aggr-aa -dse -adse -adce -licm -inst-simplify -dce -globaldce -instcombine -array-stream -eliminate-keepreads -instcombine -dce -deadargelim -doublePtrSimplify -doublePtrElim -dce -doublePtrSimplify -promote-dbg-pointer -dce -scalarrepl -mem2reg -norm-name -mem2reg -instcombine -dse -adse -adce -ptrLegalization -dce -auto-rom-infer -array-flatten -dce -instcombine -check-doubleptr -loop-rot -constprop -cfgopt -simplifycfg -loop-simplify -indvars -pointer-simplify -dce -loop-bound -loop-simplify -loop-preproc -constprop -global-constprop -gvn -mem2reg -instcombine -dce -loop-bound -loop-merge -dce -deadargelim -dce -canonicalize-dataflow -dce -deadargelim -globaldce -mem2reg -bram-byte-enable -load-elim -read-loop-dep -loop-simplify -loop-extract-inner -directive-preproc -bitwidthmin2 -bitwidthmin2 -read-loop-dep -interface-preproc -directive-preproc -interface-gen -bram-byte-enable-spec-prop -deadargelim -inst-simplify -dce -gvn -mem2reg -instcombine -dce -adse -loop-bound -instcombine -cfgopt -simplifycfg -loop-simplify -clean-region -io-protocol -find-region -mem2reg -bitop-raise -complex-op-raise -inst-simplify -inst-rectify -instcombine -adce -deadargelim -float-op-raise -loop-simplify -phi-opt -bitop-raise -cfgopt -simplifycfg -strip-dead-prototypes -interface-lower -bitop-lower -intrinsic-lower -auto-function-inline -basicaa -aggrmodref-aa -globalsmodref-aa -aggr-aa -inst-simplify -simplifycfg -loop-simplify -mergereturn -inst-simplify -inst-rectify -dce -load-elim -bitop-lower -float-op-raise -fma-raise -loop-rewind -pointer-simplify -dce -cfgopt -dce -loop-bound -loop-dep -read-loop-dep -dce -dyn-mem-reuse -dce -recurrence-min -dce -share-scalar-alloca -deadargelim -dce -check-stream -norm-name -legalize -validate-dataflow -inst-clarity -bitwidth -dump-loop-dep-to-ir -check-all-ssdm -cdfg-build D:/FPGA_HLS/Basic_Input_Output/basicInputOutput/sol/.autopilot/db/a.o.2.bc -o D:/FPGA_HLS/Basic_Input_Output/basicInputOutput/sol/.autopilot/db/a.o.3.bc -f -phase build-ssdm 
INFO: [HLS 200-111] Finished Architecture Synthesis: CPU user time: 0 seconds. CPU system time: 0 seconds. Elapsed time: 0.067 seconds; current allocated memory: 151.977 MB.
INFO-FLOW: Finish building internal data model.
Command       opt_and_import_c done; 0.411 sec.
Command     elaborate done; 10.366 sec.
Execute     ap_eval exec zip -j D:/FPGA_HLS/Basic_Input_Output/basicInputOutput/sol/.autopilot/db/dut.hcp $dbDir/a.o.3.bc $dbDir/${topname}.rtl_wrap.cfg.tcl $dbDir/apatb_${topname}.cpp $dbDir/apatb_${topname}_util.cpp $dbDir/apatb_${topname}_ir.ll $dbDir/mapper_${topname}.cpp $dbDir/top-io-fe.xml $dbDir/kernel.internal.xml $workdir/../hls.app 
Command     ap_eval done; 0.116 sec.
Execute     autosyn -from_csynth_design=1 
INFO: [HLS 200-10] Starting hardware synthesis ...
INFO-FLOW: Synthesizing C/C++ design ...
INFO: [HLS 200-10] Synthesizing 'basicInputOutput' ...
Execute       ap_set_top_model basicInputOutput 
Execute       get_model_list basicInputOutput -filter all-wo-channel -topdown 
Execute       preproc_iomode -model basicInputOutput 
Execute       get_model_list basicInputOutput -filter all-wo-channel 
INFO-FLOW: Model list for configure: basicInputOutput
INFO-FLOW: Configuring Module : basicInputOutput ...
Execute       set_default_model basicInputOutput 
Execute       apply_spec_resource_limit basicInputOutput 
INFO-FLOW: Model list for preprocess: basicInputOutput
INFO-FLOW: Preprocessing Module: basicInputOutput ...
Execute       set_default_model basicInputOutput 
Execute       cdfg_preprocess -model basicInputOutput 
Execute       rtl_gen_preprocess basicInputOutput 
INFO-FLOW: Model list for synthesis: basicInputOutput
INFO: [HLS 200-10] ----------------------------------------------------------------
INFO: [HLS 200-42] -- Implementing module 'basicInputOutput' 
INFO: [HLS 200-10] ----------------------------------------------------------------
Execute       set_default_model basicInputOutput 
Execute       schedule -model basicInputOutput 
INFO: [SCHED 204-11] Starting scheduling ...
INFO: [SCHED 204-11] Finished scheduling.
INFO: [HLS 200-111] Finished Scheduling: CPU user time: 0 seconds. CPU system time: 0 seconds. Elapsed time: 0.208 seconds; current allocated memory: 151.977 MB.
Execute       syn_report -verbosereport -o D:/FPGA_HLS/Basic_Input_Output/basicInputOutput/sol/.autopilot/db/basicInputOutput.verbose.sched.rpt 
Execute         AP::get_flow_target_display_name
Execute       db_write -o D:/FPGA_HLS/Basic_Input_Output/basicInputOutput/sol/.autopilot/db/basicInputOutput.sched.adb -f 
INFO-FLOW: Finish scheduling basicInputOutput.
Execute       set_default_model basicInputOutput 
Execute       bind -model basicInputOutput 
INFO: [BIND 205-100] Starting micro-architecture generation ...
INFO: [BIND 205-101] Performing variable lifetime analysis.
INFO: [BIND 205-101] Exploring resource sharing.
INFO: [BIND 205-101] Binding ...
INFO: [BIND 205-100] Finished micro-architecture generation.
INFO: [HLS 200-111] Finished Binding: CPU user time: 0 seconds. CPU system time: 0 seconds. Elapsed time: 0.057 seconds; current allocated memory: 151.977 MB.
Execute       syn_report -verbosereport -o D:/FPGA_HLS/Basic_Input_Output/basicInputOutput/sol/.autopilot/db/basicInputOutput.verbose.bind.rpt 
Execute         AP::get_flow_target_display_name
Execute       db_write -o D:/FPGA_HLS/Basic_Input_Output/basicInputOutput/sol/.autopilot/db/basicInputOutput.bind.adb -f 
INFO-FLOW: Finish binding basicInputOutput.
Execute       get_model_list basicInputOutput -filter all-wo-channel 
INFO-FLOW: Preprocessing for RTLGen ...
Execute       rtl_gen_preprocess basicInputOutput 
INFO-FLOW: Model list for RTL generation: basicInputOutput
INFO: [HLS 200-10] ----------------------------------------------------------------
INFO: [HLS 200-10] -- Generating RTL for module 'basicInputOutput' 
INFO: [HLS 200-10] ----------------------------------------------------------------
Execute       create_rtl_model basicInputOutput -top_prefix  -sub_prefix basicInputOutput_ -mg_file D:/FPGA_HLS/Basic_Input_Output/basicInputOutput/sol/.autopilot/db/basicInputOutput.compgen.tcl 
INFO: [RTGEN 206-500] Setting interface mode on port 'basicInputOutput/input_r' to 'ap_none'.
INFO: [RTGEN 206-500] Setting interface mode on port 'basicInputOutput/output_r' to 'ap_none'.
WARNING: [RTGEN 206-101] Port 'output_r' with mode 'ap_none' may require an associated data valid signal to correctly communicate with other blocks or a test bench; automatic C/RTL co-simulation may not be able to verify such a port.
INFO: [RTGEN 206-500] Setting interface mode on function 'basicInputOutput' to 'ap_ctrl_none'.
INFO: [RTGEN 206-100] Finished creating RTL model for 'basicInputOutput'.
INFO: [HLS 200-111] Finished Creating RTL model: CPU user time: 0 seconds. CPU system time: 0 seconds. Elapsed time: 0.06 seconds; current allocated memory: 151.977 MB.
Execute       source D:/FPGA_HLS/Basic_Input_Output/basicInputOutput/sol/.autopilot/db/basicInputOutput.rtl_wrap.cfg.tcl 
Execute       gen_rtl basicInputOutput -istop -style xilinx -f -lang vhdl -o D:/FPGA_HLS/Basic_Input_Output/basicInputOutput/sol/syn/vhdl/basicInputOutput 
Execute       gen_rtl basicInputOutput -istop -style xilinx -f -lang vlog -o D:/FPGA_HLS/Basic_Input_Output/basicInputOutput/sol/syn/verilog/basicInputOutput 
Execute       syn_report -csynth -model basicInputOutput -o D:/FPGA_HLS/Basic_Input_Output/basicInputOutput/sol/syn/report/basicInputOutput_csynth.rpt 
Execute         AP::get_flow_target_display_name
Execute       syn_report -rtlxml -model basicInputOutput -o D:/FPGA_HLS/Basic_Input_Output/basicInputOutput/sol/syn/report/basicInputOutput_csynth.xml 
Execute       syn_report -verbosereport -model basicInputOutput -o D:/FPGA_HLS/Basic_Input_Output/basicInputOutput/sol/.autopilot/db/basicInputOutput.verbose.rpt 
Execute         AP::get_flow_target_display_name
Execute       db_write -model basicInputOutput -f -o D:/FPGA_HLS/Basic_Input_Output/basicInputOutput/sol/.autopilot/db/basicInputOutput.adb 
Execute       db_write -model basicInputOutput -bindview -o D:/FPGA_HLS/Basic_Input_Output/basicInputOutput/sol/.autopilot/db/design.bindinfo.xml 
Execute       gen_tb_info basicInputOutput -p D:/FPGA_HLS/Basic_Input_Output/basicInputOutput/sol/.autopilot/db -o D:/FPGA_HLS/Basic_Input_Output/basicInputOutput/sol/.autopilot/db/basicInputOutput 
Execute       export_constraint_db -f -tool general -o D:/FPGA_HLS/Basic_Input_Output/basicInputOutput/sol/.autopilot/db/basicInputOutput.constraint.tcl 
Execute       syn_report -designview -model basicInputOutput -o D:/FPGA_HLS/Basic_Input_Output/basicInputOutput/sol/.autopilot/db/basicInputOutput.design.xml 
Execute       syn_report -csynthDesign -model basicInputOutput -o D:/FPGA_HLS/Basic_Input_Output/basicInputOutput/sol/syn/report/csynth.rpt 
Execute         AP::get_flow_target_display_name
Execute       syn_report -wcfg -model basicInputOutput -o D:/FPGA_HLS/Basic_Input_Output/basicInputOutput/sol/.autopilot/db/basicInputOutput_dataflow_ana.wcfg 
Execute       syn_report -protoinst -model basicInputOutput -o D:/FPGA_HLS/Basic_Input_Output/basicInputOutput/sol/.autopilot/db/basicInputOutput.protoinst 
Execute       sc_get_clocks basicInputOutput 
Execute       sc_get_portdomain basicInputOutput 
INFO-FLOW: Model list for RTL component generation: basicInputOutput
INFO-FLOW: Handling components in module [basicInputOutput] ... 
Execute       source D:/FPGA_HLS/Basic_Input_Output/basicInputOutput/sol/.autopilot/db/basicInputOutput.compgen.tcl 
INFO-FLOW: Append model basicInputOutput
INFO-FLOW: Generating RTL model list ...
INFO-FLOW: All models in this session: basicInputOutput
INFO-FLOW: Generating D:/FPGA_HLS/Basic_Input_Output/basicInputOutput/sol/.autopilot/db/autopilot.rtl.models.txt file...
INFO-FLOW: To file: write model basicInputOutput
INFO-FLOW: Generating D:/FPGA_HLS/Basic_Input_Output/basicInputOutput/sol/.autopilot/db/autopilot.rtl.models.tcl file...
INFO-FLOW: Finished generating RTL model list.


INFO-FLOW: RTL Generation done.
INFO-FLOW: CAS Generation done.
INFO-FLOW: CBC Generation done.
INFO-FLOW: DBG:PROC: ::AESL_AUTOMG::auto_generate_csynth_design
INFO-FLOW: DBG:PUTS: read_platform_lib D:/FPGA_HLS/Basic_Input_Output/basicInputOutput/sol/.autopilot/db/global.setting.tcl
Execute       source D:/Vitis_HLS/2022.2/common/technology/generic/autopilot/common.gen 
Execute         source D:/Vitis_HLS/2022.2/common/technology/generic/autopilot/APCoreGen.gen 
Execute       source D:/Vitis_HLS/2022.2/common/technology/generic/autopilot/op.gen 
Execute       source D:/Vitis_HLS/2022.2/common/technology/generic/autopilot/op_simcore.gen 
Execute       source D:/Vitis_HLS/2022.2/common/technology/generic/autopilot/interface.gen 
Execute       source D:/FPGA_HLS/Basic_Input_Output/basicInputOutput/sol/.autopilot/db/global.setting.tcl 
Execute       source D:/Vitis_HLS/2022.2/common/technology/xilinx/common/xilinx.gen 
Execute         source D:/Vitis_HLS/2022.2/common/technology/xilinx/interface/plb46.gen 
Execute         source D:/Vitis_HLS/2022.2/common/technology/xilinx/interface/axi4.gen 
Execute         source D:/Vitis_HLS/2022.2/common/technology/xilinx/interface/nativeAXI4.gen 
Execute           source D:/Vitis_HLS/2022.2/common/technology/xilinx/interface/saxilite.gen 
Execute         source D:/Vitis_HLS/2022.2/common/technology/xilinx/scripts/xilinxcoregen.gen 
Execute         source D:/Vitis_HLS/2022.2/common/technology/xilinx/interface/XilEDKCoreGen.gen 
Execute         source D:/Vitis_HLS/2022.2/common/technology/xilinx/ip/dds_compiler.gen 
Execute         source D:/Vitis_HLS/2022.2/common/technology/xilinx/ip/util.gen 
Execute         source D:/Vitis_HLS/2022.2/common/technology/xilinx/ip/xfft.gen 
Execute         source D:/Vitis_HLS/2022.2/common/technology/xilinx/ip/xfir.gen 
Execute         source D:/Vitis_HLS/2022.2/common/technology/xilinx/DSP48/dsp48.gen 
INFO-FLOW: DBG:PUTS:   using AESL_AUTOCG::g_clock_period=10.000 (was NA)
INFO-FLOW: DBG:PROC: ::AESL_AUTOMG::generate_ip_cores gen_sim_model='1' gen_fp_models='0' gen_for_export='0' dstSCDir='' dstVhdlDir='D:/FPGA_HLS/Basic_Input_Output/basicInputOutput/sol/.autopilot/db/vhdl' dstVlogDir='D:/FPGA_HLS/Basic_Input_Output/basicInputOutput/sol/.autopilot/db/vlog' tclDir='D:/FPGA_HLS/Basic_Input_Output/basicInputOutput/sol/.autopilot/db' modelList='basicInputOutput
' expOnly='0'
Execute       source D:/FPGA_HLS/Basic_Input_Output/basicInputOutput/sol/.autopilot/db/global.setting.tcl 
Execute       ap_part_info -name xc7z020-clg400-1 -data names -quiet 
Execute       ap_part_info -name xc7z020-clg400-1 -data info -quiet 
Execute       source D:/FPGA_HLS/Basic_Input_Output/basicInputOutput/sol/.autopilot/db/global.setting.tcl 
Execute       source D:/FPGA_HLS/Basic_Input_Output/basicInputOutput/sol/.autopilot/db/global.setting.tcl 
Execute       source D:/FPGA_HLS/Basic_Input_Output/basicInputOutput/sol/.autopilot/db/basicInputOutput.compgen.tcl 
INFO: [HLS 200-111] Finished Generating all RTL models: CPU user time: 0 seconds. CPU system time: 0 seconds. Elapsed time: 0.268 seconds; current allocated memory: 154.531 MB.
INFO-FLOW: DBG:PROC: ::HLSREPORTS::create_csynth_xml bind_info_var='bind_info' RtlSubPrefix='basicInputOutput_' outfile=''
INFO-FLOW: Running: create_csynth_xml read xml data
INFO-FLOW: Done: create_csynth_xml read xml data time: 0 seconds per iteration
INFO-FLOW: Running: create_csynth_xml bind info
INFO-FLOW: No bind nodes found for module_name basicInputOutput
INFO-FLOW: Done: create_csynth_xml bind info time: 0 seconds per iteration
INFO-FLOW: Running: create_csynth_xml config info
INFO-FLOW: Done: create_csynth_xml config info time: 0.1 seconds per iteration
INFO-FLOW: Running: create_csynth_xml write xml
INFO-FLOW: Done: create_csynth_xml write xml time: 0 seconds per iteration
INFO-FLOW: DBG:PUTS:      create_csynth_xml wrote csynth_xml=D:/FPGA_HLS/Basic_Input_Output/basicInputOutput/sol/syn/report/csynth.xml
INFO-FLOW: DBG:PROC: ::AP::DESIGN_DATA::generate_json generate_bd_files='0' generate_xo_files='0' modelList='basicInputOutput
' rtl_lang='both' bootstrap_tcl='false' outdir='' outfilename=''
Execute       source D:/FPGA_HLS/Basic_Input_Output/basicInputOutput/sol/.autopilot/db/global.setting.tcl 
Execute       source D:/FPGA_HLS/Basic_Input_Output/basicInputOutput/sol/.autopilot/db/global.setting.tcl 
Execute       source D:/FPGA_HLS/Basic_Input_Output/basicInputOutput/sol/.autopilot/db/top-io-be.tcl 
Execute       source D:/FPGA_HLS/Basic_Input_Output/basicInputOutput/sol/.autopilot/db/basicInputOutput.tbgen.tcl 
Execute       source D:/FPGA_HLS/Basic_Input_Output/basicInputOutput/sol/.autopilot/db/basicInputOutput.rtl_wrap.cfg.tcl 
Execute       source D:/FPGA_HLS/Basic_Input_Output/basicInputOutput/sol/.autopilot/db/basicInputOutput.compgen.dataonly.tcl 
Execute       source D:/FPGA_HLS/Basic_Input_Output/basicInputOutput/sol/.autopilot/db/basicInputOutput.tbgen.tcl 
Execute       source D:/FPGA_HLS/Basic_Input_Output/basicInputOutput/sol/.autopilot/db/global.setting.tcl 
Execute       ap_part_info -name xc7z020-clg400-1 -data names -quiet 
Execute       ap_part_info -name xc7z020-clg400-1 -data info -quiet 
Execute       source D:/FPGA_HLS/Basic_Input_Output/basicInputOutput/sol/.autopilot/db/basicInputOutput.constraint.tcl 
Execute       source D:/FPGA_HLS/Basic_Input_Output/basicInputOutput/sol/.autopilot/db/global.setting.tcl 
INFO-FLOW: DBG:PROC: ::HLSREPORTS::add_csynth_report_sections bind_info_dict='adapter_nodes {} report_dict {TOPINST basicInputOutput MODULE2INSTS {basicInputOutput basicInputOutput} INST2MODULE {basicInputOutput basicInputOutput} INSTDATA {basicInputOutput {DEPTH 1 CHILDREN {}}} MODULEDATA {basicInputOutput {AREA {DSP 0 BRAM 0 URAM 0}}}}'
INFO-FLOW: DBG:PUTS:      update_csynth_reports json2rpt_hw_sw_interfaces
INFO-FLOW: Running: gen_csynth_sec_pragma
INFO-FLOW: Done: gen_csynth_sec_pragma time: 0 seconds per iteration
INFO-FLOW: DBG:PUTS:      update_csynth_reports wrote xml
INFO-FLOW: DBG:PUTS:      update_csynth_reports appended to csynth rpt file
INFO: [HLS 200-111] Finished Updating report files: CPU user time: 1 seconds. CPU system time: 0 seconds. Elapsed time: 0.278 seconds; current allocated memory: 157.008 MB.
INFO: [VHDL 208-304] Generating VHDL RTL for basicInputOutput.
INFO: [VLOG 209-307] Generating Verilog RTL for basicInputOutput.
Execute       syn_report -model basicInputOutput -printsummary 
INFO: [HLS 200-789] **** Estimated Fmax: 0.00 MHz
Command     autosyn done; 0.797 sec.
Command   csynth_design done; 11.301 sec.
INFO: [HLS 200-111] Finished Command csynth_design CPU user time: 1 seconds. CPU system time: 0 seconds. Elapsed time: 11.301 seconds; current allocated memory: 47.270 MB.
Command ap_source done; 23.539 sec.
Execute cleanup_all 
INFO-FLOW: Workspace D:/FPGA_HLS/Basic_Input_Output/basicInputOutput/sol opened at Sun Feb 26 09:30:38 +0300 2023
Execute     ap_set_clock -name default -period 10 -default=false 
INFO: [SYN 201-201] Setting up clock 'default' with a period of 10ns.
Execute     set_part xc7z020clg400-1 
Execute       create_platform xc7z020clg400-1 -board  
DBG:HLSDevice: Trying to load device library: D:/Vitis_HLS/2022.2\lib\win64.o\xv_hlsvwrap.dll
DBG:HLSDevice: first parts/arch.xml in RDI_DATADIR: D:/Vivado/2022.2/data/parts/arch.xml
DBG:HLSDevice: init success
INFO: [HLS 200-1611] Setting target device to 'xc7z020-clg400-1'
Command       create_platform done; 0.856 sec.
Execute       source D:/Vitis_HLS/2022.2/common/technology/xilinx/common/xilinx.gen 
Execute         source D:/Vitis_HLS/2022.2/common/technology/xilinx/interface/plb46.gen 
Execute         source D:/Vitis_HLS/2022.2/common/technology/xilinx/interface/axi4.gen 
Execute         source D:/Vitis_HLS/2022.2/common/technology/xilinx/interface/nativeAXI4.gen 
Execute           source D:/Vitis_HLS/2022.2/common/technology/xilinx/interface/saxilite.gen 
Execute         source D:/Vitis_HLS/2022.2/common/technology/xilinx/scripts/xilinxcoregen.gen 
Execute         source D:/Vitis_HLS/2022.2/common/technology/xilinx/interface/XilEDKCoreGen.gen 
Execute         source D:/Vitis_HLS/2022.2/common/technology/xilinx/ip/dds_compiler.gen 
Execute         source D:/Vitis_HLS/2022.2/common/technology/xilinx/ip/util.gen 
Execute         source D:/Vitis_HLS/2022.2/common/technology/xilinx/ip/xfft.gen 
Execute         source D:/Vitis_HLS/2022.2/common/technology/xilinx/ip/xfir.gen 
Execute         source D:/Vitis_HLS/2022.2/common/technology/xilinx/DSP48/dsp48.gen 
Command       ap_source done; 0.105 sec.
Execute       ap_part_info -name xc7z020-clg400-1 -data info 
Execute       config_compile -quiet -complex-mul-dsp=0 
Command     set_part done; 0.979 sec.
Execute     send_msg_by_id INFO @200-1505@%s%s  vivado 
INFO: [HLS 200-1505] Using flow_target 'vivado'
Execute     send_msg_by_id INFO @200-1464@%s config_export -output=D:/FPGA_HLS/Basic_Input_Output/Lib 
INFO: [HLS 200-1464] Running solution command: config_export -output=D:/FPGA_HLS/Basic_Input_Output/Lib
Execute     config_export -output=D:/FPGA_HLS/Basic_Input_Output/Lib 
Command   open_solution done; 1.083 sec.
Execute   set_part xc7z020clg400-1 
INFO: [HLS 200-1510] Running: set_part xc7z020clg400-1 
Execute     create_platform xc7z020clg400-1 -board  
Execute     source D:/Vitis_HLS/2022.2/common/technology/xilinx/common/xilinx.gen 
Execute       source D:/Vitis_HLS/2022.2/common/technology/xilinx/interface/plb46.gen 
Execute       source D:/Vitis_HLS/2022.2/common/technology/xilinx/interface/axi4.gen 
Execute       source D:/Vitis_HLS/2022.2/common/technology/xilinx/interface/nativeAXI4.gen 
Execute         source D:/Vitis_HLS/2022.2/common/technology/xilinx/interface/saxilite.gen 
Execute       source D:/Vitis_HLS/2022.2/common/technology/xilinx/scripts/xilinxcoregen.gen 
Execute       source D:/Vitis_HLS/2022.2/common/technology/xilinx/interface/XilEDKCoreGen.gen 
Execute       source D:/Vitis_HLS/2022.2/common/technology/xilinx/ip/dds_compiler.gen 
Execute       source D:/Vitis_HLS/2022.2/common/technology/xilinx/ip/util.gen 
Execute       source D:/Vitis_HLS/2022.2/common/technology/xilinx/ip/xfft.gen 
Execute       source D:/Vitis_HLS/2022.2/common/technology/xilinx/ip/xfir.gen 
Execute       source D:/Vitis_HLS/2022.2/common/technology/xilinx/DSP48/dsp48.gen 
Execute     ap_part_info -name xc7z020-clg400-1 -data info 
Execute     config_compile -quiet -complex-mul-dsp=0 
Command   set_part done; 0.127 sec.
Execute   create_clock -period 10 -name default 
INFO: [HLS 200-1510] Running: create_clock -period 10 -name default 
Execute     ap_set_clock -name default -period 10 -default=false 
INFO: [SYN 201-201] Setting up clock 'default' with a period of 10ns.
Execute   config_export -output D:/FPGA_HLS/Basic_Input_Output/Lib 
INFO: [HLS 200-1510] Running: config_export -output D:/FPGA_HLS/Basic_Input_Output/Lib 
Execute   export_design -rtl verilog -format ip_catalog -output D:/FPGA_HLS/Basic_Input_Output/Lib 
INFO: [HLS 200-1510] Running: export_design -rtl verilog -format ip_catalog -output D:/FPGA_HLS/Basic_Input_Output/Lib 
Execute     config_export -format=ip_catalog -output=D:/FPGA_HLS/Basic_Input_Output/Lib -rtl=verilog 
INFO-FLOW: DBG:PUTS: export_design_wrap: -format ip_catalog -rtl verilog
Execute     source D:/FPGA_HLS/Basic_Input_Output/basicInputOutput/sol/.autopilot/db/global.setting.tcl 
INFO-FLOW: DBG:PUTS:   auto_impl: pack: -export -rtl verilog
INFO-FLOW: DBG:PROC: ::AESL_AUTOIMPL::auto_impl args='-export -rtl verilog'
Execute     source D:/FPGA_HLS/Basic_Input_Output/basicInputOutput/sol/.autopilot/db/global.setting.tcl 
INFO: [IMPL 213-8] Exporting RTL as a Vivado IP.
Execute     source D:/FPGA_HLS/Basic_Input_Output/basicInputOutput/sol/.autopilot/db/global.setting.tcl 
INFO-FLOW: DBG:PUTS: automg_wrap -export -pcore_version 1.00.a -rtl vlog -tool Vivado -impltomg_flag
INFO-FLOW: DBG:PROC: ::AESL_AUTOMG::auto_generate args='-export -pcore_version 1.00.a -rtl vlog -tool Vivado -impltomg_flag'
INFO-FLOW: DBG:PUTS:     auto_generate -export -pcore_version 1.00.a -rtl vlog -tool Vivado -impltomg_flag
Execute     source D:/FPGA_HLS/Basic_Input_Output/basicInputOutput/sol/.autopilot/db/global.setting.tcl 
INFO-FLOW: DBG:PUTS: read_platform_lib D:/FPGA_HLS/Basic_Input_Output/basicInputOutput/sol/.autopilot/db/global.setting.tcl
Execute     source D:/Vitis_HLS/2022.2/common/technology/generic/autopilot/common.gen 
Execute       source D:/Vitis_HLS/2022.2/common/technology/generic/autopilot/APCoreGen.gen 
Execute     source D:/Vitis_HLS/2022.2/common/technology/generic/autopilot/op.gen 
Execute     source D:/Vitis_HLS/2022.2/common/technology/generic/autopilot/op_simcore.gen 
Execute     source D:/Vitis_HLS/2022.2/common/technology/generic/autopilot/interface.gen 
Execute     source D:/FPGA_HLS/Basic_Input_Output/basicInputOutput/sol/.autopilot/db/global.setting.tcl 
Execute     source D:/Vitis_HLS/2022.2/common/technology/xilinx/common/xilinx.gen 
Execute       source D:/Vitis_HLS/2022.2/common/technology/xilinx/interface/plb46.gen 
Execute       source D:/Vitis_HLS/2022.2/common/technology/xilinx/interface/axi4.gen 
Execute       source D:/Vitis_HLS/2022.2/common/technology/xilinx/interface/nativeAXI4.gen 
Execute         source D:/Vitis_HLS/2022.2/common/technology/xilinx/interface/saxilite.gen 
Execute       source D:/Vitis_HLS/2022.2/common/technology/xilinx/scripts/xilinxcoregen.gen 
Execute       source D:/Vitis_HLS/2022.2/common/technology/xilinx/interface/XilEDKCoreGen.gen 
Execute       source D:/Vitis_HLS/2022.2/common/technology/xilinx/ip/dds_compiler.gen 
Execute       source D:/Vitis_HLS/2022.2/common/technology/xilinx/ip/util.gen 
Execute       source D:/Vitis_HLS/2022.2/common/technology/xilinx/ip/xfft.gen 
Execute       source D:/Vitis_HLS/2022.2/common/technology/xilinx/ip/xfir.gen 
Execute       source D:/Vitis_HLS/2022.2/common/technology/xilinx/DSP48/dsp48.gen 
Command     ap_source done; 0.112 sec.
INFO-FLOW: DBG:PUTS:   using AESL_AUTOCG::g_clock_period=10.000 (was NA)
INFO-FLOW: DBG:PUTS:       initCTypeInfo top_module=basicInputOutput xml_exists=0
Execute     source D:/FPGA_HLS/Basic_Input_Output/basicInputOutput/sol/.autopilot/db/basicInputOutput.rtl_wrap.cfg.tcl 
Execute     source D:/FPGA_HLS/Basic_Input_Output/basicInputOutput/sol/.autopilot/db/basicInputOutput.rtl_wrap.cfg.tcl 
Execute     source D:/FPGA_HLS/Basic_Input_Output/basicInputOutput/sol/.autopilot/db/basicInputOutput.rtl_wrap.cfg.tcl 
Execute     source D:/FPGA_HLS/Basic_Input_Output/basicInputOutput/sol/.autopilot/db/basicInputOutput.tbgen.tcl 
Execute     source D:/FPGA_HLS/Basic_Input_Output/basicInputOutput/sol/.autopilot/db/basicInputOutput.tbgen.tcl 
Execute     source D:/FPGA_HLS/Basic_Input_Output/basicInputOutput/sol/.autopilot/db/global.setting.tcl 
Execute     source D:/FPGA_HLS/Basic_Input_Output/basicInputOutput/sol/.autopilot/db/basicInputOutput.tbgen.tcl 
INFO-FLOW: DBG:PUTS:       cosim_export_main adding deadlock detection to basicInputOutput
INFO-FLOW: DBG:PUTS: Skipping loadAnalyze_DB, #g_database=2
INFO-FLOW: DBG:PUTS:       generate_json generate_bd_files=0 generate_xo_files=false #modelList=1 #gSsdmPorts=0
INFO-FLOW: DBG:PROC: ::AP::DESIGN_DATA::generate_json generate_bd_files='0' generate_xo_files='false' modelList='basicInputOutput
' rtl_lang='vlog' bootstrap_tcl='false' outdir='' outfilename=''
Execute     source D:/Vitis_HLS/2022.2/tps/tcl/tcllib1.11.1/yaml/huddle.tcl 
Execute     source D:/Vitis_HLS/2022.2/tps/tcl/tcllib1.11.1/yaml/json2huddle.tcl 
Execute     source D:/FPGA_HLS/Basic_Input_Output/basicInputOutput/sol/.autopilot/db/global.setting.tcl 
Execute     source D:/FPGA_HLS/Basic_Input_Output/basicInputOutput/sol/.autopilot/db/global.setting.tcl 
Execute     source D:/FPGA_HLS/Basic_Input_Output/basicInputOutput/sol/.autopilot/db/top-io-be.tcl 
Execute     source D:/FPGA_HLS/Basic_Input_Output/basicInputOutput/sol/.autopilot/db/basicInputOutput.tbgen.tcl 
Execute     source D:/FPGA_HLS/Basic_Input_Output/basicInputOutput/sol/.autopilot/db/basicInputOutput.rtl_wrap.cfg.tcl 
Execute     source D:/FPGA_HLS/Basic_Input_Output/basicInputOutput/sol/.autopilot/db/basicInputOutput.compgen.dataonly.tcl 
Execute     source D:/FPGA_HLS/Basic_Input_Output/basicInputOutput/sol/.autopilot/db/basicInputOutput.tbgen.tcl 
Execute     source D:/FPGA_HLS/Basic_Input_Output/basicInputOutput/sol/.autopilot/db/global.setting.tcl 
Execute     ap_part_info -name xc7z020-clg400-1 -data names -quiet 
Execute     ap_part_info -name xc7z020-clg400-1 -data info -quiet 
Execute     source D:/FPGA_HLS/Basic_Input_Output/basicInputOutput/sol/.autopilot/db/basicInputOutput.constraint.tcl 
Execute     source D:/FPGA_HLS/Basic_Input_Output/basicInputOutput/sol/.autopilot/db/global.setting.tcl 
Execute     source D:/FPGA_HLS/Basic_Input_Output/basicInputOutput/sol/.autopilot/db/global.setting.tcl 
Execute     source D:/FPGA_HLS/Basic_Input_Output/basicInputOutput/sol/.autopilot/db/basicInputOutput.tbgen.tcl 
INFO-FLOW: DBG:PUTS:       cosim_export_main adding deadlock detection to basicInputOutput
INFO-FLOW: DBG:PUTS:       generate_ip_script #gSsdmPorts=0 g_lang=vlog is_sdaccel=false is_sdsoc=true xo_file=
Execute     ap_part_info -name xc7z020-clg400-1 -data names -quiet 
Execute     ap_part_info -name xc7z020-clg400-1 -data info -quiet 
Execute     ap_part_info -name xc7z020-clg400-1 -data names -quiet 
Execute     ap_part_info -name xc7z020-clg400-1 -data info -quiet 
Execute     source D:/FPGA_HLS/Basic_Input_Output/basicInputOutput/sol/.autopilot/db/basicInputOutput.tbgen.tcl 
Execute     source D:/FPGA_HLS/Basic_Input_Output/basicInputOutput/sol/.autopilot/db/basicInputOutput.tbgen.tcl 
Execute     source D:/FPGA_HLS/Basic_Input_Output/basicInputOutput/sol/.autopilot/db/global.setting.tcl 
INFO-FLOW: DBG:PUTS:       generate_top_info
INFO-FLOW: DBG:PUTS:       prepArgInfo -> loadAnalyze_DB top_module=basicInputOutput
Execute     source D:/FPGA_HLS/Basic_Input_Output/basicInputOutput/sol/.autopilot/db/basicInputOutput.rtl_wrap.cfg.tcl 
Execute     source D:/FPGA_HLS/Basic_Input_Output/basicInputOutput/sol/.autopilot/db/basicInputOutput.rtl_wrap.cfg.tcl 
Execute     source D:/FPGA_HLS/Basic_Input_Output/basicInputOutput/sol/.autopilot/db/basicInputOutput.rtl_wrap.cfg.tcl 
Execute     source D:/FPGA_HLS/Basic_Input_Output/basicInputOutput/sol/.autopilot/db/basicInputOutput.tbgen.tcl 
Execute     source D:/FPGA_HLS/Basic_Input_Output/basicInputOutput/sol/.autopilot/db/basicInputOutput.tbgen.tcl 
Execute     ap_part_info -name xc7z020-clg400-1 -data names -quiet 
Execute     ap_part_info -name xc7z020-clg400-1 -data info -quiet 
Execute     ap_part_info -name xc7z020-clg400-1 -data names -quiet 
Execute     ap_part_info -name xc7z020-clg400-1 -data info -quiet 
Execute     source D:/FPGA_HLS/Basic_Input_Output/basicInputOutput/sol/.autopilot/db/global.setting.tcl 
Execute     source D:/FPGA_HLS/Basic_Input_Output/basicInputOutput/sol/.autopilot/db/basicInputOutput.constraint.tcl 
INFO-FLOW: DBG:PUTS:       generate_ipi_example_script
Execute     ap_part_info -name xc7z020-clg400-1 -data names -quiet 
Execute     ap_part_info -name xc7z020-clg400-1 -data info -quiet 
Execute     ap_part_info -name xc7z020-clg400-1 -data names -quiet 
Execute     ap_part_info -name xc7z020-clg400-1 -data info -quiet 
INFO-FLOW: DBG:PUTS:       generate_syn_sh
Execute     ap_part_info -name xc7z020-clg400-1 -data names -quiet 
Execute     ap_part_info -name xc7z020-clg400-1 -data info -quiet 
Execute     source D:/FPGA_HLS/Basic_Input_Output/basicInputOutput/sol/.autopilot/db/global.setting.tcl 
INFO-FLOW: DBG:PUTS:       generate_imp_constraints
Execute     ap_part_info -name xc7z020-clg400-1 -data names -quiet 
Execute     ap_part_info -name xc7z020-clg400-1 -data info -quiet 
Execute     source D:/FPGA_HLS/Basic_Input_Output/basicInputOutput/sol/.autopilot/db/basicInputOutput.constraint.tcl 
INFO-FLOW: DBG:PUTS:       delete-temp-dirs (skipped for debug)
Execute     ap_part_info -name xc7z020-clg400-1 -data names -quiet 
Execute     ap_part_info -name xc7z020-clg400-1 -data info -quiet 
INFO-FLOW: DBG:PUTS: read_platform_lib D:/FPGA_HLS/Basic_Input_Output/basicInputOutput/sol/.autopilot/db/global.setting.tcl
Execute     source D:/Vitis_HLS/2022.2/common/technology/generic/autopilot/common.gen 
Execute       source D:/Vitis_HLS/2022.2/common/technology/generic/autopilot/APCoreGen.gen 
Execute     source D:/Vitis_HLS/2022.2/common/technology/generic/autopilot/op.gen 
Execute     source D:/Vitis_HLS/2022.2/common/technology/generic/autopilot/op_simcore.gen 
Execute     source D:/Vitis_HLS/2022.2/common/technology/generic/autopilot/interface.gen 
Execute     source D:/FPGA_HLS/Basic_Input_Output/basicInputOutput/sol/.autopilot/db/global.setting.tcl 
Execute     source D:/Vitis_HLS/2022.2/common/technology/xilinx/common/xilinx.gen 
Execute       source D:/Vitis_HLS/2022.2/common/technology/xilinx/interface/plb46.gen 
Execute       source D:/Vitis_HLS/2022.2/common/technology/xilinx/interface/axi4.gen 
Execute       source D:/Vitis_HLS/2022.2/common/technology/xilinx/interface/nativeAXI4.gen 
Execute         source D:/Vitis_HLS/2022.2/common/technology/xilinx/interface/saxilite.gen 
Execute       source D:/Vitis_HLS/2022.2/common/technology/xilinx/scripts/xilinxcoregen.gen 
Execute       source D:/Vitis_HLS/2022.2/common/technology/xilinx/interface/XilEDKCoreGen.gen 
Execute       source D:/Vitis_HLS/2022.2/common/technology/xilinx/ip/dds_compiler.gen 
Execute       source D:/Vitis_HLS/2022.2/common/technology/xilinx/ip/util.gen 
Execute       source D:/Vitis_HLS/2022.2/common/technology/xilinx/ip/xfft.gen 
Execute       source D:/Vitis_HLS/2022.2/common/technology/xilinx/ip/xfir.gen 
Execute       source D:/Vitis_HLS/2022.2/common/technology/xilinx/DSP48/dsp48.gen 
INFO-FLOW: DBG:PUTS:     IP package: exec D:/FPGA_HLS/Basic_Input_Output/basicInputOutput/sol/impl/ip/pack.bat
INFO-FLOW: DBG:PUTS:     IP package: success D:/FPGA_HLS/Basic_Input_Output/basicInputOutput/sol/impl/ip/pack.bat
Execute     send_msg_by_id INFO @200-802@%s Lib/export.zip 
INFO: [HLS 200-802] Generated output file Lib/export.zip
Command   export_design done; 16.553 sec.
INFO: [HLS 200-111] Finished Command export_design CPU user time: 0 seconds. CPU system time: 1 seconds. Elapsed time: 16.553 seconds; current allocated memory: 5.852 MB.
Command ap_source done; 27.827 sec.
Execute cleanup_all 
