D:\FPGA_HLS\Basic_Output\Vitis_HLS\Basic_Output\sol1\.autopilot\db\basic_output.pp.0.cpp:1321:7: warning: Added loop label VITIS_LOOP_1211_1:   [xilinx-label-all-loops]
      for (i = 0; i < __N - 1; ++i) {
      ^~~
      VITIS_LOOP_1211_1: 
D:\FPGA_HLS\Basic_Output\Vitis_HLS\Basic_Output\sol1\.autopilot\db\basic_output.pp.0.cpp:1321:7: note: FIX-IT applied suggested code changes
D:\FPGA_HLS\Basic_Output\Vitis_HLS\Basic_Output\sol1\.autopilot\db\basic_output.pp.0.cpp:2295:5: warning: Added loop label VITIS_LOOP_676_1:   [xilinx-label-all-loops]
    for (unsigned i = low; i != high; ++i) {
    ^~~
    VITIS_LOOP_676_1: 
D:\FPGA_HLS\Basic_Output\Vitis_HLS\Basic_Output\sol1\.autopilot\db\basic_output.pp.0.cpp:2295:5: note: FIX-IT applied suggested code changes
D:\FPGA_HLS\Basic_Output\Vitis_HLS\Basic_Output\sol1\.autopilot\db\basic_output.pp.0.cpp:2309:5: warning: Added loop label VITIS_LOOP_690_1:   [xilinx-label-all-loops]
    for (unsigned i = low; i != high; ++i) {
    ^~~
    VITIS_LOOP_690_1: 
D:\FPGA_HLS\Basic_Output\Vitis_HLS\Basic_Output\sol1\.autopilot\db\basic_output.pp.0.cpp:2309:5: note: FIX-IT applied suggested code changes
D:\FPGA_HLS\Basic_Output\Vitis_HLS\Basic_Output\sol1\.autopilot\db\basic_output.pp.0.cpp:2323:5: warning: Added loop label VITIS_LOOP_704_1:   [xilinx-label-all-loops]
    for (unsigned i = low; i != high; ++i) {
    ^~~
    VITIS_LOOP_704_1: 
D:\FPGA_HLS\Basic_Output\Vitis_HLS\Basic_Output\sol1\.autopilot\db\basic_output.pp.0.cpp:2323:5: note: FIX-IT applied suggested code changes
D:\FPGA_HLS\Basic_Output\Vitis_HLS\Basic_Output\sol1\.autopilot\db\basic_output.pp.0.cpp:3934:7: warning: Added loop label VITIS_LOOP_1245_1:   [xilinx-label-all-loops]
      for (i = 0; i < __N - 1; ++i) {
      ^~~
      VITIS_LOOP_1245_1: 
D:\FPGA_HLS\Basic_Output\Vitis_HLS\Basic_Output\sol1\.autopilot\db\basic_output.pp.0.cpp:3934:7: note: FIX-IT applied suggested code changes
