D:/FPGA_HLS/Trafic_Lights/Trafic_Lights/sol1/csynth.tcl:13:9: warning: HLS pragma dump _XLX_SEP_ PragmaIsValid=1_XLX_SEP_ PragmaType=top_XLX_SEP_ PragmaContext=directive_XLX_SEP_ PragmaFunction=traficLights_XLX_SEP_ PragmaOptions=name=traficLights_XLX_SEP_ [-Wdump-hls-pragmas]
#pragma HLSDIRECTIVE TOP name=traficLights
        ^
Trafic_Lights/traficLights.cpp:71:9: warning: HLS pragma dump _XLX_SEP_ PragmaIsValid=1_XLX_SEP_ PragmaType=interface_XLX_SEP_ PragmaContext=_XLX_SEP_ PragmaFunction=traficLights_XLX_SEP_ PragmaOptions=ap_none port = R_XLX_SEP_ [-Wdump-hls-pragmas]
#pragma HLS INTERFACE ap_none port = R
        ^
Trafic_Lights/traficLights.cpp:72:9: warning: HLS pragma dump _XLX_SEP_ PragmaIsValid=1_XLX_SEP_ PragmaType=interface_XLX_SEP_ PragmaContext=_XLX_SEP_ PragmaFunction=traficLights_XLX_SEP_ PragmaOptions=ap_none port = L_XLX_SEP_ [-Wdump-hls-pragmas]
#pragma HLS INTERFACE ap_none port = L
        ^
Trafic_Lights/traficLights.cpp:73:9: warning: HLS pragma dump _XLX_SEP_ PragmaIsValid=1_XLX_SEP_ PragmaType=interface_XLX_SEP_ PragmaContext=_XLX_SEP_ PragmaFunction=traficLights_XLX_SEP_ PragmaOptions=ap_none port = U_XLX_SEP_ [-Wdump-hls-pragmas]
#pragma HLS INTERFACE ap_none port = U
        ^
Trafic_Lights/traficLights.cpp:74:9: warning: HLS pragma dump _XLX_SEP_ PragmaIsValid=1_XLX_SEP_ PragmaType=interface_XLX_SEP_ PragmaContext=_XLX_SEP_ PragmaFunction=traficLights_XLX_SEP_ PragmaOptions=ap_none port = D_XLX_SEP_ [-Wdump-hls-pragmas]
#pragma HLS INTERFACE ap_none port = D
        ^
Trafic_Lights/traficLights.cpp:75:9: warning: HLS pragma dump _XLX_SEP_ PragmaIsValid=1_XLX_SEP_ PragmaType=interface_XLX_SEP_ PragmaContext=_XLX_SEP_ PragmaFunction=traficLights_XLX_SEP_ PragmaOptions=ap_none port = NS_XLX_SEP_ [-Wdump-hls-pragmas]
#pragma HLS INTERFACE ap_none port = NS
        ^
Trafic_Lights/traficLights.cpp:76:9: warning: HLS pragma dump _XLX_SEP_ PragmaIsValid=1_XLX_SEP_ PragmaType=interface_XLX_SEP_ PragmaContext=_XLX_SEP_ PragmaFunction=traficLights_XLX_SEP_ PragmaOptions=ap_none port = EW_XLX_SEP_ [-Wdump-hls-pragmas]
#pragma HLS INTERFACE ap_none port = EW
        ^
Trafic_Lights/traficLights.cpp:77:9: warning: HLS pragma dump _XLX_SEP_ PragmaIsValid=1_XLX_SEP_ PragmaType=interface_XLX_SEP_ PragmaContext=_XLX_SEP_ PragmaFunction=traficLights_XLX_SEP_ PragmaOptions=ap_ctrl_none port = return_XLX_SEP_ [-Wdump-hls-pragmas]
#pragma HLS INTERFACE ap_ctrl_none port = return
        ^
8 warnings generated.
