
*** Running vivado
    with args -log basicOutput_wrapper.vds -m64 -product Vivado -mode batch -messageDb vivado.pb -notrace -source basicOutput_wrapper.tcl



****** Vivado v2022.2 (64-bit)
  **** SW Build 3671981 on Fri Oct 14 05:00:03 MDT 2022
  **** IP Build 3669848 on Fri Oct 14 08:30:02 MDT 2022
    ** Copyright 1986-2022 Xilinx, Inc. All Rights Reserved.

source basicOutput_wrapper.tcl -notrace
INFO: [IP_Flow 19-234] Refreshing IP repositories
INFO: [IP_Flow 19-1700] Loaded user IP repository 'd:/FPGA_HLS/Basic_Output/Lib'.
INFO: [IP_Flow 19-2313] Loaded Vivado IP repository 'D:/Vivado/2022.2/data/ip'.
Command: read_checkpoint -auto_incremental -incremental D:/FPGA_HLS/Basic_Output/Vivado/basicOutput_HW.srcs/utils_1/imports/synth_1/basicOutput_wrapper.dcp
INFO: [Vivado 12-5825] Read reference checkpoint from D:/FPGA_HLS/Basic_Output/Vivado/basicOutput_HW.srcs/utils_1/imports/synth_1/basicOutput_wrapper.dcp for incremental synthesis
INFO: [Vivado 12-7989] Please ensure there are no constraint changes
Command: synth_design -top basicOutput_wrapper -part xc7z020clg400-1
Starting synth_design
Attempting to get a license for feature 'Synthesis' and/or device 'xc7z020'
INFO: [Common 17-349] Got license for feature 'Synthesis' and/or device 'xc7z020'
INFO: [Device 21-403] Loading part xc7z020clg400-1
INFO: [Designutils 20-5440] No compile time benefit to using incremental synthesis; A full resynthesis will be run
INFO: [Designutils 20-4379] Flow is switching to default flow due to incremental criteria not met. If you would like to alter this behaviour and have the flow terminate instead, please set the following parameter config_implementation {autoIncr.Synth.RejectBehavior Terminate}
INFO: [Synth 8-7079] Multithreading enabled for synth_design using a maximum of 2 processes.
INFO: [Synth 8-7078] Launching helper process for spawning children vivado processes
INFO: [Synth 8-7075] Helper process launched with PID 21168
INFO: [Synth 8-11241] undeclared symbol 'REGCCE', assumed default net type 'wire' [D:/Vivado/2022.2/data/verilog/src/unimacro/BRAM_SINGLE_MACRO.v:2170]
---------------------------------------------------------------------------------
Starting RTL Elaboration : Time (s): cpu = 00:00:04 ; elapsed = 00:00:06 . Memory (MB): peak = 1246.934 ; gain = 408.605
---------------------------------------------------------------------------------
INFO: [Synth 8-638] synthesizing module 'basicOutput_wrapper' [d:/FPGA_HLS/Basic_Output/Vivado/basicOutput_HW.gen/sources_1/bd/basicOutput/hdl/basicOutput_wrapper.vhd:20]
INFO: [Synth 8-3491] module 'basicOutput' declared at 'd:/FPGA_HLS/Basic_Output/Vivado/basicOutput_HW.gen/sources_1/bd/basicOutput/synth/basicOutput.vhd:14' bound to instance 'basicOutput_i' of component 'basicOutput' [d:/FPGA_HLS/Basic_Output/Vivado/basicOutput_HW.gen/sources_1/bd/basicOutput/hdl/basicOutput_wrapper.vhd:27]
INFO: [Synth 8-638] synthesizing module 'basicOutput' [d:/FPGA_HLS/Basic_Output/Vivado/basicOutput_HW.gen/sources_1/bd/basicOutput/synth/basicOutput.vhd:24]
INFO: [Synth 8-3491] module 'basicOutput_basic_output_0_0' declared at 'D:/FPGA_HLS/Basic_Output/Vivado/basicOutput_HW.runs/synth_1/.Xil/Vivado-21740-DESKTOP-BP5JUJQ/realtime/basicOutput_basic_output_0_0_stub.vhdl:5' bound to instance 'basic_output_0' of component 'basicOutput_basic_output_0_0' [d:/FPGA_HLS/Basic_Output/Vivado/basicOutput_HW.gen/sources_1/bd/basicOutput/synth/basicOutput.vhd:37]
INFO: [Synth 8-638] synthesizing module 'basicOutput_basic_output_0_0' [D:/FPGA_HLS/Basic_Output/Vivado/basicOutput_HW.runs/synth_1/.Xil/Vivado-21740-DESKTOP-BP5JUJQ/realtime/basicOutput_basic_output_0_0_stub.vhdl:12]
INFO: [Synth 8-256] done synthesizing module 'basicOutput' (0#1) [d:/FPGA_HLS/Basic_Output/Vivado/basicOutput_HW.gen/sources_1/bd/basicOutput/synth/basicOutput.vhd:24]
INFO: [Synth 8-256] done synthesizing module 'basicOutput_wrapper' (0#1) [d:/FPGA_HLS/Basic_Output/Vivado/basicOutput_HW.gen/sources_1/bd/basicOutput/hdl/basicOutput_wrapper.vhd:20]
---------------------------------------------------------------------------------
Finished RTL Elaboration : Time (s): cpu = 00:00:05 ; elapsed = 00:00:07 . Memory (MB): peak = 1336.129 ; gain = 497.801
---------------------------------------------------------------------------------
---------------------------------------------------------------------------------
Start Handling Custom Attributes
---------------------------------------------------------------------------------
---------------------------------------------------------------------------------
Finished Handling Custom Attributes : Time (s): cpu = 00:00:05 ; elapsed = 00:00:07 . Memory (MB): peak = 1336.129 ; gain = 497.801
---------------------------------------------------------------------------------
---------------------------------------------------------------------------------
Finished RTL Optimization Phase 1 : Time (s): cpu = 00:00:05 ; elapsed = 00:00:07 . Memory (MB): peak = 1336.129 ; gain = 497.801
---------------------------------------------------------------------------------
Netlist sorting complete. Time (s): cpu = 00:00:00 ; elapsed = 00:00:00 . Memory (MB): peak = 1336.129 ; gain = 0.000
INFO: [Project 1-570] Preparing netlist for logic optimization

Processing XDC Constraints
Initializing timing engine
Parsing XDC File [d:/FPGA_HLS/Basic_Output/Vivado/basicOutput_HW.gen/sources_1/bd/basicOutput/ip/basicOutput_basic_output_0_0/basicOutput_basic_output_0_0/basicOutput_basic_output_0_0_in_context.xdc] for cell 'basicOutput_i/basic_output_0'
Finished Parsing XDC File [d:/FPGA_HLS/Basic_Output/Vivado/basicOutput_HW.gen/sources_1/bd/basicOutput/ip/basicOutput_basic_output_0_0/basicOutput_basic_output_0_0/basicOutput_basic_output_0_0_in_context.xdc] for cell 'basicOutput_i/basic_output_0'
Parsing XDC File [D:/FPGA_HLS/Basic_Output/Vivado/basicOutput_HW.srcs/constrs_1/imports/digilent-xdc-master/Zybo-Z7-Master.xdc]
WARNING: [Vivado 12-584] No ports matched 'sysclk'. [D:/FPGA_HLS/Basic_Output/Vivado/basicOutput_HW.srcs/constrs_1/imports/digilent-xdc-master/Zybo-Z7-Master.xdc:8]
WARNING: [Vivado 12-584] No ports matched 'sysclk'. [D:/FPGA_HLS/Basic_Output/Vivado/basicOutput_HW.srcs/constrs_1/imports/digilent-xdc-master/Zybo-Z7-Master.xdc:9]
Finished Parsing XDC File [D:/FPGA_HLS/Basic_Output/Vivado/basicOutput_HW.srcs/constrs_1/imports/digilent-xdc-master/Zybo-Z7-Master.xdc]
WARNING: [Project 1-498] One or more constraints failed evaluation while reading constraint file [D:/FPGA_HLS/Basic_Output/Vivado/basicOutput_HW.srcs/constrs_1/imports/digilent-xdc-master/Zybo-Z7-Master.xdc] and the design contains unresolved black boxes. These constraints will be read post-synthesis (as long as their source constraint file is marked as used_in_implementation) and should be applied correctly then. You should review the constraints listed in the file [.Xil/basicOutput_wrapper_propImpl.xdc] and check the run log file to verify that these constraints were correctly applied.
INFO: [Project 1-236] Implementation specific constraints were found while reading constraint file [D:/FPGA_HLS/Basic_Output/Vivado/basicOutput_HW.srcs/constrs_1/imports/digilent-xdc-master/Zybo-Z7-Master.xdc]. These constraints will be ignored for synthesis but will be used in implementation. Impacted constraints are listed in the file [.Xil/basicOutput_wrapper_propImpl.xdc].
Resolution: To avoid this warning, move constraints listed in [.Xil/basicOutput_wrapper_propImpl.xdc] to another XDC file and exclude this new file from synthesis with the used_in_synthesis property (File Properties dialog in GUI) and re-run elaboration/synthesis.
Parsing XDC File [D:/FPGA_HLS/Basic_Output/Vivado/basicOutput_HW.runs/synth_1/dont_touch.xdc]
Finished Parsing XDC File [D:/FPGA_HLS/Basic_Output/Vivado/basicOutput_HW.runs/synth_1/dont_touch.xdc]
Completed Processing XDC Constraints

Netlist sorting complete. Time (s): cpu = 00:00:00 ; elapsed = 00:00:00 . Memory (MB): peak = 1336.129 ; gain = 0.000
INFO: [Project 1-111] Unisim Transformation Summary:
No Unisim elements were transformed.

Constraint Validation Runtime : Time (s): cpu = 00:00:00 ; elapsed = 00:00:00.002 . Memory (MB): peak = 1336.129 ; gain = 0.000
INFO: [Designutils 20-5440] No compile time benefit to using incremental synthesis; A full resynthesis will be run
INFO: [Designutils 20-4379] Flow is switching to default flow due to incremental criteria not met. If you would like to alter this behaviour and have the flow terminate instead, please set the following parameter config_implementation {autoIncr.Synth.RejectBehavior Terminate}
INFO: [Synth 8-11241] undeclared symbol 'REGCCE', assumed default net type 'wire' [D:/Vivado/2022.2/data/verilog/src/unimacro/BRAM_SINGLE_MACRO.v:2170]
---------------------------------------------------------------------------------
Finished Constraint Validation : Time (s): cpu = 00:00:10 ; elapsed = 00:00:16 . Memory (MB): peak = 1336.129 ; gain = 497.801
---------------------------------------------------------------------------------
---------------------------------------------------------------------------------
Start Loading Part and Timing Information
---------------------------------------------------------------------------------
Loading part: xc7z020clg400-1
---------------------------------------------------------------------------------
Finished Loading Part and Timing Information : Time (s): cpu = 00:00:10 ; elapsed = 00:00:16 . Memory (MB): peak = 1336.129 ; gain = 497.801
---------------------------------------------------------------------------------
---------------------------------------------------------------------------------
Start Applying 'set_property' XDC Constraints
---------------------------------------------------------------------------------
Applied set_property KEEP_HIERARCHY = SOFT for basicOutput_i. (constraint file  auto generated constraint).
Applied set_property KEEP_HIERARCHY = SOFT for basicOutput_i/basic_output_0. (constraint file  auto generated constraint).
---------------------------------------------------------------------------------
Finished applying 'set_property' XDC Constraints : Time (s): cpu = 00:00:10 ; elapsed = 00:00:16 . Memory (MB): peak = 1336.129 ; gain = 497.801
---------------------------------------------------------------------------------
---------------------------------------------------------------------------------
Finished RTL Optimization Phase 2 : Time (s): cpu = 00:00:11 ; elapsed = 00:00:16 . Memory (MB): peak = 1336.129 ; gain = 497.801
---------------------------------------------------------------------------------
---------------------------------------------------------------------------------
Start RTL Component Statistics 
---------------------------------------------------------------------------------
Detailed RTL Component Info : 
---------------------------------------------------------------------------------
Finished RTL Component Statistics 
---------------------------------------------------------------------------------
---------------------------------------------------------------------------------
Start Part Resource Summary
---------------------------------------------------------------------------------
Part Resources:
DSPs: 220 (col length:60)
BRAMs: 280 (col length: RAMB18 60 RAMB36 30)
---------------------------------------------------------------------------------
Finished Part Resource Summary
---------------------------------------------------------------------------------
---------------------------------------------------------------------------------
Start Cross Boundary and Area Optimization
---------------------------------------------------------------------------------
WARNING: [Synth 8-7080] Parallel synthesis criteria is not met
---------------------------------------------------------------------------------
Finished Cross Boundary and Area Optimization : Time (s): cpu = 00:00:11 ; elapsed = 00:00:18 . Memory (MB): peak = 1336.129 ; gain = 497.801
---------------------------------------------------------------------------------
---------------------------------------------------------------------------------
Start Applying XDC Timing Constraints
---------------------------------------------------------------------------------
---------------------------------------------------------------------------------
Finished Applying XDC Timing Constraints : Time (s): cpu = 00:00:15 ; elapsed = 00:00:24 . Memory (MB): peak = 1336.129 ; gain = 497.801
---------------------------------------------------------------------------------
---------------------------------------------------------------------------------
Start Timing Optimization
---------------------------------------------------------------------------------
---------------------------------------------------------------------------------
Finished Timing Optimization : Time (s): cpu = 00:00:15 ; elapsed = 00:00:24 . Memory (MB): peak = 1336.129 ; gain = 497.801
---------------------------------------------------------------------------------
---------------------------------------------------------------------------------
Start Technology Mapping
---------------------------------------------------------------------------------
---------------------------------------------------------------------------------
Finished Technology Mapping : Time (s): cpu = 00:00:15 ; elapsed = 00:00:24 . Memory (MB): peak = 1336.859 ; gain = 498.531
---------------------------------------------------------------------------------
---------------------------------------------------------------------------------
Start IO Insertion
---------------------------------------------------------------------------------
---------------------------------------------------------------------------------
Start Flattening Before IO Insertion
---------------------------------------------------------------------------------
---------------------------------------------------------------------------------
Finished Flattening Before IO Insertion
---------------------------------------------------------------------------------
---------------------------------------------------------------------------------
Start Final Netlist Cleanup
---------------------------------------------------------------------------------
---------------------------------------------------------------------------------
Finished Final Netlist Cleanup
---------------------------------------------------------------------------------
---------------------------------------------------------------------------------
Finished IO Insertion : Time (s): cpu = 00:00:19 ; elapsed = 00:00:29 . Memory (MB): peak = 1342.617 ; gain = 504.289
---------------------------------------------------------------------------------
---------------------------------------------------------------------------------
Start Renaming Generated Instances
---------------------------------------------------------------------------------
---------------------------------------------------------------------------------
Finished Renaming Generated Instances : Time (s): cpu = 00:00:19 ; elapsed = 00:00:29 . Memory (MB): peak = 1342.617 ; gain = 504.289
---------------------------------------------------------------------------------
---------------------------------------------------------------------------------
Start Rebuilding User Hierarchy
---------------------------------------------------------------------------------
---------------------------------------------------------------------------------
Finished Rebuilding User Hierarchy : Time (s): cpu = 00:00:19 ; elapsed = 00:00:29 . Memory (MB): peak = 1342.617 ; gain = 504.289
---------------------------------------------------------------------------------
---------------------------------------------------------------------------------
Start Renaming Generated Ports
---------------------------------------------------------------------------------
---------------------------------------------------------------------------------
Finished Renaming Generated Ports : Time (s): cpu = 00:00:19 ; elapsed = 00:00:29 . Memory (MB): peak = 1342.617 ; gain = 504.289
---------------------------------------------------------------------------------
---------------------------------------------------------------------------------
Start Handling Custom Attributes
---------------------------------------------------------------------------------
---------------------------------------------------------------------------------
Finished Handling Custom Attributes : Time (s): cpu = 00:00:19 ; elapsed = 00:00:29 . Memory (MB): peak = 1342.617 ; gain = 504.289
---------------------------------------------------------------------------------
---------------------------------------------------------------------------------
Start Renaming Generated Nets
---------------------------------------------------------------------------------
---------------------------------------------------------------------------------
Finished Renaming Generated Nets : Time (s): cpu = 00:00:19 ; elapsed = 00:00:29 . Memory (MB): peak = 1342.617 ; gain = 504.289
---------------------------------------------------------------------------------
---------------------------------------------------------------------------------
Start Writing Synthesis Report
---------------------------------------------------------------------------------

Report BlackBoxes: 
+------+-----------------------------+----------+
|      |BlackBox name                |Instances |
+------+-----------------------------+----------+
|1     |basicOutput_basic_output_0_0 |         1|
+------+-----------------------------+----------+

Report Cell Usage: 
+------+----------------------------------+------+
|      |Cell                              |Count |
+------+----------------------------------+------+
|1     |basicOutput_basic_output_0_0_bbox |     1|
|2     |OBUF                              |     3|
+------+----------------------------------+------+
---------------------------------------------------------------------------------
Finished Writing Synthesis Report : Time (s): cpu = 00:00:19 ; elapsed = 00:00:29 . Memory (MB): peak = 1342.617 ; gain = 504.289
---------------------------------------------------------------------------------
Synthesis finished with 0 errors, 0 critical warnings and 1 warnings.
Synthesis Optimization Runtime : Time (s): cpu = 00:00:12 ; elapsed = 00:00:27 . Memory (MB): peak = 1342.617 ; gain = 504.289
Synthesis Optimization Complete : Time (s): cpu = 00:00:19 ; elapsed = 00:00:29 . Memory (MB): peak = 1342.617 ; gain = 504.289
INFO: [Project 1-571] Translating synthesized netlist
Netlist sorting complete. Time (s): cpu = 00:00:00 ; elapsed = 00:00:00 . Memory (MB): peak = 1354.715 ; gain = 0.000
INFO: [Project 1-570] Preparing netlist for logic optimization
INFO: [Opt 31-138] Pushed 0 inverter(s) to 0 load pin(s).
Netlist sorting complete. Time (s): cpu = 00:00:00 ; elapsed = 00:00:00 . Memory (MB): peak = 1367.328 ; gain = 0.000
INFO: [Project 1-111] Unisim Transformation Summary:
No Unisim elements were transformed.

Synth Design complete, checksum: 225c9e08
INFO: [Common 17-83] Releasing license: Synthesis
31 Infos, 4 Warnings, 0 Critical Warnings and 0 Errors encountered.
synth_design completed successfully
synth_design: Time (s): cpu = 00:00:21 ; elapsed = 00:00:35 . Memory (MB): peak = 1367.328 ; gain = 932.922
INFO: [Common 17-1381] The checkpoint 'D:/FPGA_HLS/Basic_Output/Vivado/basicOutput_HW.runs/synth_1/basicOutput_wrapper.dcp' has been generated.
INFO: [runtcl-4] Executing : report_utilization -file basicOutput_wrapper_utilization_synth.rpt -pb basicOutput_wrapper_utilization_synth.pb
INFO: [Common 17-206] Exiting Vivado at Sat Feb 25 12:21:31 2023...
