
*** Running vivado
    with args -log basicInputOutput_basicInputOutput_0_0.vds -m64 -product Vivado -mode batch -messageDb vivado.pb -notrace -source basicInputOutput_basicInputOutput_0_0.tcl



****** Vivado v2022.2 (64-bit)
  **** SW Build 3671981 on Fri Oct 14 05:00:03 MDT 2022
  **** IP Build 3669848 on Fri Oct 14 08:30:02 MDT 2022
    ** Copyright 1986-2022 Xilinx, Inc. All Rights Reserved.

source basicInputOutput_basicInputOutput_0_0.tcl -notrace
INFO: [IP_Flow 19-234] Refreshing IP repositories
INFO: [IP_Flow 19-1700] Loaded user IP repository 'd:/FPGA_HLS/Basic_Input_Output/Lib'.
INFO: [IP_Flow 19-2313] Loaded Vivado IP repository 'D:/Vivado/2022.2/data/ip'.
INFO: [IP_Flow 19-6924] IPCACHE: Running cache check for IP inst: basicInputOutput_basicInputOutput_0_0
Command: synth_design -top basicInputOutput_basicInputOutput_0_0 -part xc7z020clg400-1 -incremental_mode off -mode out_of_context
Starting synth_design
Attempting to get a license for feature 'Synthesis' and/or device 'xc7z020'
INFO: [Common 17-349] Got license for feature 'Synthesis' and/or device 'xc7z020'
INFO: [Device 21-403] Loading part xc7z020clg400-1
INFO: [Synth 8-7079] Multithreading enabled for synth_design using a maximum of 2 processes.
INFO: [Synth 8-7078] Launching helper process for spawning children vivado processes
INFO: [Synth 8-7075] Helper process launched with PID 10804
INFO: [Synth 8-11241] undeclared symbol 'REGCCE', assumed default net type 'wire' [D:/Vivado/2022.2/data/verilog/src/unimacro/BRAM_SINGLE_MACRO.v:2170]
---------------------------------------------------------------------------------
Starting RTL Elaboration : Time (s): cpu = 00:00:03 ; elapsed = 00:00:07 . Memory (MB): peak = 1245.168 ; gain = 407.336
---------------------------------------------------------------------------------
INFO: [Synth 8-638] synthesizing module 'basicInputOutput_basicInputOutput_0_0' [d:/FPGA_HLS/Basic_Input_Output/Vivado/basicInputOutput.gen/sources_1/bd/basicInputOutput/ip/basicInputOutput_basicInputOutput_0_0/synth/basicInputOutput_basicInputOutput_0_0.vhd:63]
INFO: [Synth 8-3491] module 'basicInputOutput' declared at 'd:/FPGA_HLS/Basic_Input_Output/Vivado/basicInputOutput.gen/sources_1/bd/basicInputOutput/ipshared/c63e/hdl/vhdl/basicInputOutput.vhd:12' bound to instance 'U0' of component 'basicInputOutput' [d:/FPGA_HLS/Basic_Input_Output/Vivado/basicInputOutput.gen/sources_1/bd/basicInputOutput/ip/basicInputOutput_basicInputOutput_0_0/synth/basicInputOutput_basicInputOutput_0_0.vhd:93]
INFO: [Synth 8-638] synthesizing module 'basicInputOutput' [d:/FPGA_HLS/Basic_Input_Output/Vivado/basicInputOutput.gen/sources_1/bd/basicInputOutput/ipshared/c63e/hdl/vhdl/basicInputOutput.vhd:19]
INFO: [Synth 8-256] done synthesizing module 'basicInputOutput' (0#1) [d:/FPGA_HLS/Basic_Input_Output/Vivado/basicInputOutput.gen/sources_1/bd/basicInputOutput/ipshared/c63e/hdl/vhdl/basicInputOutput.vhd:19]
INFO: [Synth 8-256] done synthesizing module 'basicInputOutput_basicInputOutput_0_0' (0#1) [d:/FPGA_HLS/Basic_Input_Output/Vivado/basicInputOutput.gen/sources_1/bd/basicInputOutput/ip/basicInputOutput_basicInputOutput_0_0/synth/basicInputOutput_basicInputOutput_0_0.vhd:63]
---------------------------------------------------------------------------------
Finished RTL Elaboration : Time (s): cpu = 00:00:04 ; elapsed = 00:00:09 . Memory (MB): peak = 1335.156 ; gain = 497.324
---------------------------------------------------------------------------------
---------------------------------------------------------------------------------
Start Handling Custom Attributes
---------------------------------------------------------------------------------
---------------------------------------------------------------------------------
Finished Handling Custom Attributes : Time (s): cpu = 00:00:04 ; elapsed = 00:00:09 . Memory (MB): peak = 1335.156 ; gain = 497.324
---------------------------------------------------------------------------------
---------------------------------------------------------------------------------
Finished RTL Optimization Phase 1 : Time (s): cpu = 00:00:04 ; elapsed = 00:00:09 . Memory (MB): peak = 1335.156 ; gain = 497.324
---------------------------------------------------------------------------------
Netlist sorting complete. Time (s): cpu = 00:00:00 ; elapsed = 00:00:00.001 . Memory (MB): peak = 1335.156 ; gain = 0.000
INFO: [Project 1-570] Preparing netlist for logic optimization

Processing XDC Constraints
Initializing timing engine
Parsing XDC File [d:/FPGA_HLS/Basic_Input_Output/Vivado/basicInputOutput.gen/sources_1/bd/basicInputOutput/ip/basicInputOutput_basicInputOutput_0_0/constraints/basicInputOutput_ooc.xdc] for cell 'U0'
Finished Parsing XDC File [d:/FPGA_HLS/Basic_Input_Output/Vivado/basicInputOutput.gen/sources_1/bd/basicInputOutput/ip/basicInputOutput_basicInputOutput_0_0/constraints/basicInputOutput_ooc.xdc] for cell 'U0'
Parsing XDC File [D:/FPGA_HLS/Basic_Input_Output/Vivado/basicInputOutput.runs/basicInputOutput_basicInputOutput_0_0_synth_1/dont_touch.xdc]
Finished Parsing XDC File [D:/FPGA_HLS/Basic_Input_Output/Vivado/basicInputOutput.runs/basicInputOutput_basicInputOutput_0_0_synth_1/dont_touch.xdc]
Completed Processing XDC Constraints

Netlist sorting complete. Time (s): cpu = 00:00:00 ; elapsed = 00:00:00 . Memory (MB): peak = 1335.156 ; gain = 0.000
INFO: [Project 1-111] Unisim Transformation Summary:
No Unisim elements were transformed.

Constraint Validation Runtime : Time (s): cpu = 00:00:00 ; elapsed = 00:00:00.025 . Memory (MB): peak = 1335.156 ; gain = 0.000
INFO: [Designutils 20-5008] Incremental synthesis strategy off
INFO: [Synth 8-11241] undeclared symbol 'REGCCE', assumed default net type 'wire' [D:/Vivado/2022.2/data/verilog/src/unimacro/BRAM_SINGLE_MACRO.v:2170]
---------------------------------------------------------------------------------
Finished Constraint Validation : Time (s): cpu = 00:00:10 ; elapsed = 00:00:18 . Memory (MB): peak = 1335.156 ; gain = 497.324
---------------------------------------------------------------------------------
---------------------------------------------------------------------------------
Start Loading Part and Timing Information
---------------------------------------------------------------------------------
Loading part: xc7z020clg400-1
---------------------------------------------------------------------------------
Finished Loading Part and Timing Information : Time (s): cpu = 00:00:10 ; elapsed = 00:00:18 . Memory (MB): peak = 1335.156 ; gain = 497.324
---------------------------------------------------------------------------------
---------------------------------------------------------------------------------
Start Applying 'set_property' XDC Constraints
---------------------------------------------------------------------------------
Applied set_property KEEP_HIERARCHY = SOFT for U0. (constraint file  D:/FPGA_HLS/Basic_Input_Output/Vivado/basicInputOutput.runs/basicInputOutput_basicInputOutput_0_0_synth_1/dont_touch.xdc, line 9).
---------------------------------------------------------------------------------
Finished applying 'set_property' XDC Constraints : Time (s): cpu = 00:00:10 ; elapsed = 00:00:18 . Memory (MB): peak = 1335.156 ; gain = 497.324
---------------------------------------------------------------------------------
---------------------------------------------------------------------------------
Finished RTL Optimization Phase 2 : Time (s): cpu = 00:00:10 ; elapsed = 00:00:18 . Memory (MB): peak = 1335.156 ; gain = 497.324
---------------------------------------------------------------------------------
---------------------------------------------------------------------------------
Start RTL Component Statistics 
---------------------------------------------------------------------------------
Detailed RTL Component Info : 
---------------------------------------------------------------------------------
Finished RTL Component Statistics 
---------------------------------------------------------------------------------
---------------------------------------------------------------------------------
Start Part Resource Summary
---------------------------------------------------------------------------------
Part Resources:
DSPs: 220 (col length:60)
BRAMs: 280 (col length: RAMB18 60 RAMB36 30)
---------------------------------------------------------------------------------
Finished Part Resource Summary
---------------------------------------------------------------------------------
---------------------------------------------------------------------------------
Start Cross Boundary and Area Optimization
---------------------------------------------------------------------------------
WARNING: [Synth 8-7080] Parallel synthesis criteria is not met
---------------------------------------------------------------------------------
Finished Cross Boundary and Area Optimization : Time (s): cpu = 00:00:12 ; elapsed = 00:00:20 . Memory (MB): peak = 1335.156 ; gain = 497.324
---------------------------------------------------------------------------------
---------------------------------------------------------------------------------
Start Applying XDC Timing Constraints
---------------------------------------------------------------------------------
---------------------------------------------------------------------------------
Finished Applying XDC Timing Constraints : Time (s): cpu = 00:00:17 ; elapsed = 00:00:27 . Memory (MB): peak = 1335.156 ; gain = 497.324
---------------------------------------------------------------------------------
---------------------------------------------------------------------------------
Start Timing Optimization
---------------------------------------------------------------------------------
---------------------------------------------------------------------------------
Finished Timing Optimization : Time (s): cpu = 00:00:17 ; elapsed = 00:00:27 . Memory (MB): peak = 1335.156 ; gain = 497.324
---------------------------------------------------------------------------------
---------------------------------------------------------------------------------
Start Technology Mapping
---------------------------------------------------------------------------------
---------------------------------------------------------------------------------
Finished Technology Mapping : Time (s): cpu = 00:00:17 ; elapsed = 00:00:27 . Memory (MB): peak = 1335.156 ; gain = 497.324
---------------------------------------------------------------------------------
---------------------------------------------------------------------------------
Start IO Insertion
---------------------------------------------------------------------------------
---------------------------------------------------------------------------------
Start Flattening Before IO Insertion
---------------------------------------------------------------------------------
---------------------------------------------------------------------------------
Finished Flattening Before IO Insertion
---------------------------------------------------------------------------------
---------------------------------------------------------------------------------
Start Final Netlist Cleanup
---------------------------------------------------------------------------------
---------------------------------------------------------------------------------
Finished Final Netlist Cleanup
---------------------------------------------------------------------------------
---------------------------------------------------------------------------------
Finished IO Insertion : Time (s): cpu = 00:00:21 ; elapsed = 00:00:31 . Memory (MB): peak = 1336.309 ; gain = 498.477
---------------------------------------------------------------------------------
---------------------------------------------------------------------------------
Start Renaming Generated Instances
---------------------------------------------------------------------------------
---------------------------------------------------------------------------------
Finished Renaming Generated Instances : Time (s): cpu = 00:00:21 ; elapsed = 00:00:31 . Memory (MB): peak = 1336.309 ; gain = 498.477
---------------------------------------------------------------------------------
---------------------------------------------------------------------------------
Start Rebuilding User Hierarchy
---------------------------------------------------------------------------------
---------------------------------------------------------------------------------
Finished Rebuilding User Hierarchy : Time (s): cpu = 00:00:21 ; elapsed = 00:00:31 . Memory (MB): peak = 1336.309 ; gain = 498.477
---------------------------------------------------------------------------------
---------------------------------------------------------------------------------
Start Renaming Generated Ports
---------------------------------------------------------------------------------
---------------------------------------------------------------------------------
Finished Renaming Generated Ports : Time (s): cpu = 00:00:21 ; elapsed = 00:00:31 . Memory (MB): peak = 1336.309 ; gain = 498.477
---------------------------------------------------------------------------------
---------------------------------------------------------------------------------
Start Handling Custom Attributes
---------------------------------------------------------------------------------
---------------------------------------------------------------------------------
Finished Handling Custom Attributes : Time (s): cpu = 00:00:21 ; elapsed = 00:00:31 . Memory (MB): peak = 1336.309 ; gain = 498.477
---------------------------------------------------------------------------------
---------------------------------------------------------------------------------
Start Renaming Generated Nets
---------------------------------------------------------------------------------
---------------------------------------------------------------------------------
Finished Renaming Generated Nets : Time (s): cpu = 00:00:21 ; elapsed = 00:00:31 . Memory (MB): peak = 1336.309 ; gain = 498.477
---------------------------------------------------------------------------------
---------------------------------------------------------------------------------
Start Writing Synthesis Report
---------------------------------------------------------------------------------

Report BlackBoxes: 
+-+--------------+----------+
| |BlackBox name |Instances |
+-+--------------+----------+
+-+--------------+----------+

Report Cell Usage: 
+-+-----+------+
| |Cell |Count |
+-+-----+------+
+-+-----+------+
---------------------------------------------------------------------------------
Finished Writing Synthesis Report : Time (s): cpu = 00:00:21 ; elapsed = 00:00:31 . Memory (MB): peak = 1336.309 ; gain = 498.477
---------------------------------------------------------------------------------
Synthesis finished with 0 errors, 0 critical warnings and 1 warnings.
Synthesis Optimization Runtime : Time (s): cpu = 00:00:15 ; elapsed = 00:00:29 . Memory (MB): peak = 1336.309 ; gain = 498.477
Synthesis Optimization Complete : Time (s): cpu = 00:00:21 ; elapsed = 00:00:31 . Memory (MB): peak = 1336.309 ; gain = 498.477
INFO: [Project 1-571] Translating synthesized netlist
Netlist sorting complete. Time (s): cpu = 00:00:00 ; elapsed = 00:00:00 . Memory (MB): peak = 1336.309 ; gain = 0.000
INFO: [Project 1-570] Preparing netlist for logic optimization
INFO: [Opt 31-138] Pushed 0 inverter(s) to 0 load pin(s).
Netlist sorting complete. Time (s): cpu = 00:00:00 ; elapsed = 00:00:00 . Memory (MB): peak = 1359.754 ; gain = 0.000
INFO: [Project 1-111] Unisim Transformation Summary:
No Unisim elements were transformed.

Synth Design complete, checksum: 96326de8
INFO: [Common 17-83] Releasing license: Synthesis
24 Infos, 1 Warnings, 0 Critical Warnings and 0 Errors encountered.
synth_design completed successfully
synth_design: Time (s): cpu = 00:00:23 ; elapsed = 00:00:37 . Memory (MB): peak = 1359.754 ; gain = 925.535
INFO: [Common 17-1381] The checkpoint 'D:/FPGA_HLS/Basic_Input_Output/Vivado/basicInputOutput.runs/basicInputOutput_basicInputOutput_0_0_synth_1/basicInputOutput_basicInputOutput_0_0.dcp' has been generated.
INFO: [Coretcl 2-1648] Added synthesis output to IP cache for IP basicInputOutput_basicInputOutput_0_0, cache-ID = af05eca663dd8b71
INFO: [Common 17-1381] The checkpoint 'D:/FPGA_HLS/Basic_Input_Output/Vivado/basicInputOutput.runs/basicInputOutput_basicInputOutput_0_0_synth_1/basicInputOutput_basicInputOutput_0_0.dcp' has been generated.
INFO: [runtcl-4] Executing : report_utilization -file basicInputOutput_basicInputOutput_0_0_utilization_synth.rpt -pb basicInputOutput_basicInputOutput_0_0_utilization_synth.pb
INFO: [Common 17-206] Exiting Vivado at Sun Feb 26 09:39:06 2023...
